<?xml version="1.0" encoding="UTF-8"?>
<robot generator="Robot 5.0.1 (Python 3.10.10 on linux)" generated="20230330 20:21:42.763" rpa="false" schemaversion="3">
<suite id="s1" name="Robot" source="/home/runner/work/team-7-level-seven-up-528f1a61-a4b8-4583-ba7d-52cbef5e9312/team-7-level-seven-up-528f1a61-a4b8-4583-ba7d-52cbef5e9312/tests/robot">
<suite id="s1-s1" name="Move" source="/home/runner/work/team-7-level-seven-up-528f1a61-a4b8-4583-ba7d-52cbef5e9312/team-7-level-seven-up-528f1a61-a4b8-4583-ba7d-52cbef5e9312/tests/robot/move.robot">
<test id="s1-s1-t1" name="Valid Case North" line="7">
<kw name="Move character">
<arg>4</arg>
<arg>5</arg>
<arg>1</arg>
<arg>NORTH</arg>
<arg>4</arg>
<arg>4</arg>
<arg>2</arg>
<kw name="Initialize Character Xposition With" library="MoveLibrary">
<arg>${startingX}</arg>
<status status="PASS" starttime="20230330 20:21:42.791" endtime="20230330 20:21:42.792"/>
</kw>
<kw name="Initialize Character Yposition With" library="MoveLibrary">
<arg>${startingY}</arg>
<status status="PASS" starttime="20230330 20:21:42.792" endtime="20230330 20:21:42.792"/>
</kw>
<kw name="Initialize Character MoveCount With" library="MoveLibrary">
<arg>${startingMoveCount}</arg>
<status status="PASS" starttime="20230330 20:21:42.792" endtime="20230330 20:21:42.792"/>
</kw>
<kw name="Move In Direction" library="MoveLibrary">
<arg>${direction}</arg>
<msg timestamp="20230330 20:21:42.793" level="FAIL">AttributeError: 'NoneType' object has no attribute 'position'</msg>
<status status="FAIL" starttime="20230330 20:21:42.792" endtime="20230330 20:21:42.793"/>
</kw>
<kw name="Character Xposition Should Be" library="MoveLibrary">
<arg>${endingX}</arg>
<status status="NOT RUN" starttime="20230330 20:21:42.793" endtime="20230330 20:21:42.793"/>
</kw>
<kw name="Character Yposition Should Be" library="MoveLibrary">
<arg>${endingY}</arg>
<status status="NOT RUN" starttime="20230330 20:21:42.793" endtime="20230330 20:21:42.793"/>
</kw>
<kw name="Character MoveCount Should Be" library="MoveLibrary">
<arg>${endingMoveCount}</arg>
<status status="NOT RUN" starttime="20230330 20:21:42.794" endtime="20230330 20:21:42.794"/>
</kw>
<status status="FAIL" starttime="20230330 20:21:42.791" endtime="20230330 20:21:42.794"/>
</kw>
<status status="FAIL" starttime="20230330 20:21:42.790" endtime="20230330 20:21:42.794">AttributeError: 'NoneType' object has no attribute 'position'</status>
</test>
<test id="s1-s1-t2" name="Valid Case South" line="8">
<kw name="Move character">
<arg>5</arg>
<arg>8</arg>
<arg>33</arg>
<arg>SOUTH</arg>
<arg>5</arg>
<arg>9</arg>
<arg>34</arg>
<kw name="Initialize Character Xposition With" library="MoveLibrary">
<arg>${startingX}</arg>
<status status="PASS" starttime="20230330 20:21:42.796" endtime="20230330 20:21:42.796"/>
</kw>
<kw name="Initialize Character Yposition With" library="MoveLibrary">
<arg>${startingY}</arg>
<status status="PASS" starttime="20230330 20:21:42.796" endtime="20230330 20:21:42.796"/>
</kw>
<kw name="Initialize Character MoveCount With" library="MoveLibrary">
<arg>${startingMoveCount}</arg>
<status status="PASS" starttime="20230330 20:21:42.796" endtime="20230330 20:21:42.796"/>
</kw>
<kw name="Move In Direction" library="MoveLibrary">
<arg>${direction}</arg>
<msg timestamp="20230330 20:21:42.797" level="FAIL">AttributeError: 'NoneType' object has no attribute 'position'</msg>
<status status="FAIL" starttime="20230330 20:21:42.796" endtime="20230330 20:21:42.797"/>
</kw>
<kw name="Character Xposition Should Be" library="MoveLibrary">
<arg>${endingX}</arg>
<status status="NOT RUN" starttime="20230330 20:21:42.797" endtime="20230330 20:21:42.797"/>
</kw>
<kw name="Character Yposition Should Be" library="MoveLibrary">
<arg>${endingY}</arg>
<status status="NOT RUN" starttime="20230330 20:21:42.797" endtime="20230330 20:21:42.797"/>
</kw>
<kw name="Character MoveCount Should Be" library="MoveLibrary">
<arg>${endingMoveCount}</arg>
<status status="NOT RUN" starttime="20230330 20:21:42.797" endtime="20230330 20:21:42.797"/>
</kw>
<status status="FAIL" starttime="20230330 20:21:42.795" endtime="20230330 20:21:42.798"/>
</kw>
<status status="FAIL" starttime="20230330 20:21:42.795" endtime="20230330 20:21:42.798">AttributeError: 'NoneType' object has no attribute 'position'</status>
</test>
<test id="s1-s1-t3" name="Valid Case East" line="9">
<kw name="Move character">
<arg>4</arg>
<arg>5</arg>
<arg>1</arg>
<arg>EAST</arg>
<arg>5</arg>
<arg>5</arg>
<arg>2</arg>
<kw name="Initialize Character Xposition With" library="MoveLibrary">
<arg>${startingX}</arg>
<status status="PASS" starttime="20230330 20:21:42.799" endtime="20230330 20:21:42.799"/>
</kw>
<kw name="Initialize Character Yposition With" library="MoveLibrary">
<arg>${startingY}</arg>
<status status="PASS" starttime="20230330 20:21:42.799" endtime="20230330 20:21:42.800"/>
</kw>
<kw name="Initialize Character MoveCount With" library="MoveLibrary">
<arg>${startingMoveCount}</arg>
<status status="PASS" starttime="20230330 20:21:42.800" endtime="20230330 20:21:42.800"/>
</kw>
<kw name="Move In Direction" library="MoveLibrary">
<arg>${direction}</arg>
<msg timestamp="20230330 20:21:42.800" level="FAIL">AttributeError: 'NoneType' object has no attribute 'position'</msg>
<status status="FAIL" starttime="20230330 20:21:42.800" endtime="20230330 20:21:42.800"/>
</kw>
<kw name="Character Xposition Should Be" library="MoveLibrary">
<arg>${endingX}</arg>
<status status="NOT RUN" starttime="20230330 20:21:42.801" endtime="20230330 20:21:42.801"/>
</kw>
<kw name="Character Yposition Should Be" library="MoveLibrary">
<arg>${endingY}</arg>
<status status="NOT RUN" starttime="20230330 20:21:42.801" endtime="20230330 20:21:42.801"/>
</kw>
<kw name="Character MoveCount Should Be" library="MoveLibrary">
<arg>${endingMoveCount}</arg>
<status status="NOT RUN" starttime="20230330 20:21:42.801" endtime="20230330 20:21:42.801"/>
</kw>
<status status="FAIL" starttime="20230330 20:21:42.799" endtime="20230330 20:21:42.801"/>
</kw>
<status status="FAIL" starttime="20230330 20:21:42.798" endtime="20230330 20:21:42.802">AttributeError: 'NoneType' object has no attribute 'position'</status>
</test>
<test id="s1-s1-t4" name="Valid Case West" line="10">
<kw name="Move character">
<arg>5</arg>
<arg>8</arg>
<arg>22</arg>
<arg>WEST</arg>
<arg>4</arg>
<arg>8</arg>
<arg>23</arg>
<kw name="Initialize Character Xposition With" library="MoveLibrary">
<arg>${startingX}</arg>
<status status="PASS" starttime="20230330 20:21:42.803" endtime="20230330 20:21:42.803"/>
</kw>
<kw name="Initialize Character Yposition With" library="MoveLibrary">
<arg>${startingY}</arg>
<status status="PASS" starttime="20230330 20:21:42.803" endtime="20230330 20:21:42.803"/>
</kw>
<kw name="Initialize Character MoveCount With" library="MoveLibrary">
<arg>${startingMoveCount}</arg>
<status status="PASS" starttime="20230330 20:21:42.803" endtime="20230330 20:21:42.803"/>
</kw>
<kw name="Move In Direction" library="MoveLibrary">
<arg>${direction}</arg>
<msg timestamp="20230330 20:21:42.804" level="FAIL">AttributeError: 'NoneType' object has no attribute 'position'</msg>
<status status="FAIL" starttime="20230330 20:21:42.804" endtime="20230330 20:21:42.804"/>
</kw>
<kw name="Character Xposition Should Be" library="MoveLibrary">
<arg>${endingX}</arg>
<status status="NOT RUN" starttime="20230330 20:21:42.804" endtime="20230330 20:21:42.804"/>
</kw>
<kw name="Character Yposition Should Be" library="MoveLibrary">
<arg>${endingY}</arg>
<status status="NOT RUN" starttime="20230330 20:21:42.804" endtime="20230330 20:21:42.804"/>
</kw>
<kw name="Character MoveCount Should Be" library="MoveLibrary">
<arg>${endingMoveCount}</arg>
<status status="NOT RUN" starttime="20230330 20:21:42.804" endtime="20230330 20:21:42.805"/>
</kw>
<status status="FAIL" starttime="20230330 20:21:42.802" endtime="20230330 20:21:42.805"/>
</kw>
<status status="FAIL" starttime="20230330 20:21:42.802" endtime="20230330 20:21:42.805">AttributeError: 'NoneType' object has no attribute 'position'</status>
</test>
<test id="s1-s1-t5" name="Valid Edge Case North" line="11">
<kw name="Move character">
<arg>9</arg>
<arg>9</arg>
<arg>1</arg>
<arg>NORTH</arg>
<arg>9</arg>
<arg>8</arg>
<arg>2</arg>
<kw name="Initialize Character Xposition With" library="MoveLibrary">
<arg>${startingX}</arg>
<status status="PASS" starttime="20230330 20:21:42.807" endtime="20230330 20:21:42.807"/>
</kw>
<kw name="Initialize Character Yposition With" library="MoveLibrary">
<arg>${startingY}</arg>
<status status="PASS" starttime="20230330 20:21:42.807" endtime="20230330 20:21:42.807"/>
</kw>
<kw name="Initialize Character MoveCount With" library="MoveLibrary">
<arg>${startingMoveCount}</arg>
<status status="PASS" starttime="20230330 20:21:42.807" endtime="20230330 20:21:42.807"/>
</kw>
<kw name="Move In Direction" library="MoveLibrary">
<arg>${direction}</arg>
<msg timestamp="20230330 20:21:42.808" level="FAIL">AttributeError: 'NoneType' object has no attribute 'position'</msg>
<status status="FAIL" starttime="20230330 20:21:42.807" endtime="20230330 20:21:42.808"/>
</kw>
<kw name="Character Xposition Should Be" library="MoveLibrary">
<arg>${endingX}</arg>
<status status="NOT RUN" starttime="20230330 20:21:42.808" endtime="20230330 20:21:42.808"/>
</kw>
<kw name="Character Yposition Should Be" library="MoveLibrary">
<arg>${endingY}</arg>
<status status="NOT RUN" starttime="20230330 20:21:42.808" endtime="20230330 20:21:42.808"/>
</kw>
<kw name="Character MoveCount Should Be" library="MoveLibrary">
<arg>${endingMoveCount}</arg>
<status status="NOT RUN" starttime="20230330 20:21:42.808" endtime="20230330 20:21:42.808"/>
</kw>
<status status="FAIL" starttime="20230330 20:21:42.806" endtime="20230330 20:21:42.809"/>
</kw>
<status status="FAIL" starttime="20230330 20:21:42.805" endtime="20230330 20:21:42.809">AttributeError: 'NoneType' object has no attribute 'position'</status>
</test>
<test id="s1-s1-t6" name="Valid Edge Case South" line="12">
<kw name="Move character">
<arg>0</arg>
<arg>0</arg>
<arg>33</arg>
<arg>SOUTH</arg>
<arg>0</arg>
<arg>1</arg>
<arg>34</arg>
<kw name="Initialize Character Xposition With" library="MoveLibrary">
<arg>${startingX}</arg>
<status status="PASS" starttime="20230330 20:21:42.810" endtime="20230330 20:21:42.810"/>
</kw>
<kw name="Initialize Character Yposition With" library="MoveLibrary">
<arg>${startingY}</arg>
<status status="PASS" starttime="20230330 20:21:42.810" endtime="20230330 20:21:42.811"/>
</kw>
<kw name="Initialize Character MoveCount With" library="MoveLibrary">
<arg>${startingMoveCount}</arg>
<status status="PASS" starttime="20230330 20:21:42.811" endtime="20230330 20:21:42.811"/>
</kw>
<kw name="Move In Direction" library="MoveLibrary">
<arg>${direction}</arg>
<msg timestamp="20230330 20:21:42.811" level="FAIL">AttributeError: 'NoneType' object has no attribute 'position'</msg>
<status status="FAIL" starttime="20230330 20:21:42.811" endtime="20230330 20:21:42.811"/>
</kw>
<kw name="Character Xposition Should Be" library="MoveLibrary">
<arg>${endingX}</arg>
<status status="NOT RUN" starttime="20230330 20:21:42.812" endtime="20230330 20:21:42.812"/>
</kw>
<kw name="Character Yposition Should Be" library="MoveLibrary">
<arg>${endingY}</arg>
<status status="NOT RUN" starttime="20230330 20:21:42.812" endtime="20230330 20:21:42.812"/>
</kw>
<kw name="Character MoveCount Should Be" library="MoveLibrary">
<arg>${endingMoveCount}</arg>
<status status="NOT RUN" starttime="20230330 20:21:42.812" endtime="20230330 20:21:42.812"/>
</kw>
<status status="FAIL" starttime="20230330 20:21:42.810" endtime="20230330 20:21:42.812"/>
</kw>
<status status="FAIL" starttime="20230330 20:21:42.809" endtime="20230330 20:21:42.812">AttributeError: 'NoneType' object has no attribute 'position'</status>
</test>
<test id="s1-s1-t7" name="Valid Edge Case East" line="13">
<kw name="Move character">
<arg>0</arg>
<arg>0</arg>
<arg>1</arg>
<arg>EAST</arg>
<arg>1</arg>
<arg>0</arg>
<arg>2</arg>
<kw name="Initialize Character Xposition With" library="MoveLibrary">
<arg>${startingX}</arg>
<status status="PASS" starttime="20230330 20:21:42.814" endtime="20230330 20:21:42.814"/>
</kw>
<kw name="Initialize Character Yposition With" library="MoveLibrary">
<arg>${startingY}</arg>
<status status="PASS" starttime="20230330 20:21:42.814" endtime="20230330 20:21:42.814"/>
</kw>
<kw name="Initialize Character MoveCount With" library="MoveLibrary">
<arg>${startingMoveCount}</arg>
<status status="PASS" starttime="20230330 20:21:42.814" endtime="20230330 20:21:42.814"/>
</kw>
<kw name="Move In Direction" library="MoveLibrary">
<arg>${direction}</arg>
<msg timestamp="20230330 20:21:42.815" level="FAIL">AttributeError: 'NoneType' object has no attribute 'position'</msg>
<status status="FAIL" starttime="20230330 20:21:42.814" endtime="20230330 20:21:42.815"/>
</kw>
<kw name="Character Xposition Should Be" library="MoveLibrary">
<arg>${endingX}</arg>
<status status="NOT RUN" starttime="20230330 20:21:42.815" endtime="20230330 20:21:42.815"/>
</kw>
<kw name="Character Yposition Should Be" library="MoveLibrary">
<arg>${endingY}</arg>
<status status="NOT RUN" starttime="20230330 20:21:42.815" endtime="20230330 20:21:42.815"/>
</kw>
<kw name="Character MoveCount Should Be" library="MoveLibrary">
<arg>${endingMoveCount}</arg>
<status status="NOT RUN" starttime="20230330 20:21:42.815" endtime="20230330 20:21:42.815"/>
</kw>
<status status="FAIL" starttime="20230330 20:21:42.813" endtime="20230330 20:21:42.816"/>
</kw>
<status status="FAIL" starttime="20230330 20:21:42.813" endtime="20230330 20:21:42.816">AttributeError: 'NoneType' object has no attribute 'position'</status>
</test>
<test id="s1-s1-t8" name="Valid Edge Case West" line="14">
<kw name="Move character">
<arg>9</arg>
<arg>9</arg>
<arg>22</arg>
<arg>WEST</arg>
<arg>8</arg>
<arg>9</arg>
<arg>23</arg>
<kw name="Initialize Character Xposition With" library="MoveLibrary">
<arg>${startingX}</arg>
<status status="PASS" starttime="20230330 20:21:42.817" endtime="20230330 20:21:42.817"/>
</kw>
<kw name="Initialize Character Yposition With" library="MoveLibrary">
<arg>${startingY}</arg>
<status status="PASS" starttime="20230330 20:21:42.817" endtime="20230330 20:21:42.818"/>
</kw>
<kw name="Initialize Character MoveCount With" library="MoveLibrary">
<arg>${startingMoveCount}</arg>
<status status="PASS" starttime="20230330 20:21:42.818" endtime="20230330 20:21:42.818"/>
</kw>
<kw name="Move In Direction" library="MoveLibrary">
<arg>${direction}</arg>
<msg timestamp="20230330 20:21:42.818" level="FAIL">AttributeError: 'NoneType' object has no attribute 'position'</msg>
<status status="FAIL" starttime="20230330 20:21:42.818" endtime="20230330 20:21:42.818"/>
</kw>
<kw name="Character Xposition Should Be" library="MoveLibrary">
<arg>${endingX}</arg>
<status status="NOT RUN" starttime="20230330 20:21:42.819" endtime="20230330 20:21:42.819"/>
</kw>
<kw name="Character Yposition Should Be" library="MoveLibrary">
<arg>${endingY}</arg>
<status status="NOT RUN" starttime="20230330 20:21:42.819" endtime="20230330 20:21:42.819"/>
</kw>
<kw name="Character MoveCount Should Be" library="MoveLibrary">
<arg>${endingMoveCount}</arg>
<status status="NOT RUN" starttime="20230330 20:21:42.819" endtime="20230330 20:21:42.819"/>
</kw>
<status status="FAIL" starttime="20230330 20:21:42.817" endtime="20230330 20:21:42.819"/>
</kw>
<status status="FAIL" starttime="20230330 20:21:42.816" endtime="20230330 20:21:42.820">AttributeError: 'NoneType' object has no attribute 'position'</status>
</test>
<test id="s1-s1-t9" name="Invalid Edge Case North" line="15">
<kw name="Move character">
<arg>0</arg>
<arg>0</arg>
<arg>5</arg>
<arg>SOUTH</arg>
<arg>0</arg>
<arg>0</arg>
<arg>6</arg>
<kw name="Initialize Character Xposition With" library="MoveLibrary">
<arg>${startingX}</arg>
<status status="PASS" starttime="20230330 20:21:42.821" endtime="20230330 20:21:42.821"/>
</kw>
<kw name="Initialize Character Yposition With" library="MoveLibrary">
<arg>${startingY}</arg>
<status status="PASS" starttime="20230330 20:21:42.821" endtime="20230330 20:21:42.821"/>
</kw>
<kw name="Initialize Character MoveCount With" library="MoveLibrary">
<arg>${startingMoveCount}</arg>
<status status="PASS" starttime="20230330 20:21:42.821" endtime="20230330 20:21:42.821"/>
</kw>
<kw name="Move In Direction" library="MoveLibrary">
<arg>${direction}</arg>
<msg timestamp="20230330 20:21:42.822" level="FAIL">AttributeError: 'NoneType' object has no attribute 'position'</msg>
<status status="FAIL" starttime="20230330 20:21:42.821" endtime="20230330 20:21:42.822"/>
</kw>
<kw name="Character Xposition Should Be" library="MoveLibrary">
<arg>${endingX}</arg>
<status status="NOT RUN" starttime="20230330 20:21:42.822" endtime="20230330 20:21:42.822"/>
</kw>
<kw name="Character Yposition Should Be" library="MoveLibrary">
<arg>${endingY}</arg>
<status status="NOT RUN" starttime="20230330 20:21:42.822" endtime="20230330 20:21:42.822"/>
</kw>
<kw name="Character MoveCount Should Be" library="MoveLibrary">
<arg>${endingMoveCount}</arg>
<status status="NOT RUN" starttime="20230330 20:21:42.822" endtime="20230330 20:21:42.822"/>
</kw>
<status status="FAIL" starttime="20230330 20:21:42.820" endtime="20230330 20:21:42.823"/>
</kw>
<status status="FAIL" starttime="20230330 20:21:42.820" endtime="20230330 20:21:42.823">AttributeError: 'NoneType' object has no attribute 'position'</status>
</test>
<test id="s1-s1-t10" name="Invalid Edge Case South" line="16">
<kw name="Move character">
<arg>9</arg>
<arg>9</arg>
<arg>11</arg>
<arg>NORTH</arg>
<arg>9</arg>
<arg>9</arg>
<arg>12</arg>
<kw name="Initialize Character Xposition With" library="MoveLibrary">
<arg>${startingX}</arg>
<status status="PASS" starttime="20230330 20:21:42.824" endtime="20230330 20:21:42.824"/>
</kw>
<kw name="Initialize Character Yposition With" library="MoveLibrary">
<arg>${startingY}</arg>
<status status="PASS" starttime="20230330 20:21:42.824" endtime="20230330 20:21:42.824"/>
</kw>
<kw name="Initialize Character MoveCount With" library="MoveLibrary">
<arg>${startingMoveCount}</arg>
<status status="PASS" starttime="20230330 20:21:42.824" endtime="20230330 20:21:42.825"/>
</kw>
<kw name="Move In Direction" library="MoveLibrary">
<arg>${direction}</arg>
<msg timestamp="20230330 20:21:42.825" level="FAIL">AttributeError: 'NoneType' object has no attribute 'position'</msg>
<status status="FAIL" starttime="20230330 20:21:42.825" endtime="20230330 20:21:42.825"/>
</kw>
<kw name="Character Xposition Should Be" library="MoveLibrary">
<arg>${endingX}</arg>
<status status="NOT RUN" starttime="20230330 20:21:42.825" endtime="20230330 20:21:42.825"/>
</kw>
<kw name="Character Yposition Should Be" library="MoveLibrary">
<arg>${endingY}</arg>
<status status="NOT RUN" starttime="20230330 20:21:42.825" endtime="20230330 20:21:42.826"/>
</kw>
<kw name="Character MoveCount Should Be" library="MoveLibrary">
<arg>${endingMoveCount}</arg>
<status status="NOT RUN" starttime="20230330 20:21:42.826" endtime="20230330 20:21:42.826"/>
</kw>
<status status="FAIL" starttime="20230330 20:21:42.823" endtime="20230330 20:21:42.826"/>
</kw>
<status status="FAIL" starttime="20230330 20:21:42.823" endtime="20230330 20:21:42.826">AttributeError: 'NoneType' object has no attribute 'position'</status>
</test>
<test id="s1-s1-t11" name="Invalid Edge Case East" line="17">
<kw name="Move character">
<arg>9</arg>
<arg>9</arg>
<arg>56</arg>
<arg>EAST</arg>
<arg>9</arg>
<arg>9</arg>
<arg>57</arg>
<kw name="Initialize Character Xposition With" library="MoveLibrary">
<arg>${startingX}</arg>
<status status="PASS" starttime="20230330 20:21:42.827" endtime="20230330 20:21:42.828"/>
</kw>
<kw name="Initialize Character Yposition With" library="MoveLibrary">
<arg>${startingY}</arg>
<status status="PASS" starttime="20230330 20:21:42.828" endtime="20230330 20:21:42.828"/>
</kw>
<kw name="Initialize Character MoveCount With" library="MoveLibrary">
<arg>${startingMoveCount}</arg>
<status status="PASS" starttime="20230330 20:21:42.828" endtime="20230330 20:21:42.828"/>
</kw>
<kw name="Move In Direction" library="MoveLibrary">
<arg>${direction}</arg>
<msg timestamp="20230330 20:21:42.829" level="FAIL">AttributeError: 'NoneType' object has no attribute 'position'</msg>
<status status="FAIL" starttime="20230330 20:21:42.828" endtime="20230330 20:21:42.829"/>
</kw>
<kw name="Character Xposition Should Be" library="MoveLibrary">
<arg>${endingX}</arg>
<status status="NOT RUN" starttime="20230330 20:21:42.829" endtime="20230330 20:21:42.829"/>
</kw>
<kw name="Character Yposition Should Be" library="MoveLibrary">
<arg>${endingY}</arg>
<status status="NOT RUN" starttime="20230330 20:21:42.829" endtime="20230330 20:21:42.829"/>
</kw>
<kw name="Character MoveCount Should Be" library="MoveLibrary">
<arg>${endingMoveCount}</arg>
<status status="NOT RUN" starttime="20230330 20:21:42.829" endtime="20230330 20:21:42.829"/>
</kw>
<status status="FAIL" starttime="20230330 20:21:42.827" endtime="20230330 20:21:42.830"/>
</kw>
<status status="FAIL" starttime="20230330 20:21:42.827" endtime="20230330 20:21:42.830">AttributeError: 'NoneType' object has no attribute 'position'</status>
</test>
<test id="s1-s1-t12" name="Invalid Edge Case West" line="18">
<kw name="Move character">
<arg>0</arg>
<arg>0</arg>
<arg>14</arg>
<arg>WEST</arg>
<arg>0</arg>
<arg>0</arg>
<arg>15</arg>
<kw name="Initialize Character Xposition With" library="MoveLibrary">
<arg>${startingX}</arg>
<status status="PASS" starttime="20230330 20:21:42.831" endtime="20230330 20:21:42.831"/>
</kw>
<kw name="Initialize Character Yposition With" library="MoveLibrary">
<arg>${startingY}</arg>
<status status="PASS" starttime="20230330 20:21:42.831" endtime="20230330 20:21:42.831"/>
</kw>
<kw name="Initialize Character MoveCount With" library="MoveLibrary">
<arg>${startingMoveCount}</arg>
<status status="PASS" starttime="20230330 20:21:42.831" endtime="20230330 20:21:42.832"/>
</kw>
<kw name="Move In Direction" library="MoveLibrary">
<arg>${direction}</arg>
<msg timestamp="20230330 20:21:42.832" level="FAIL">AttributeError: 'NoneType' object has no attribute 'position'</msg>
<status status="FAIL" starttime="20230330 20:21:42.832" endtime="20230330 20:21:42.832"/>
</kw>
<kw name="Character Xposition Should Be" library="MoveLibrary">
<arg>${endingX}</arg>
<status status="NOT RUN" starttime="20230330 20:21:42.832" endtime="20230330 20:21:42.832"/>
</kw>
<kw name="Character Yposition Should Be" library="MoveLibrary">
<arg>${endingY}</arg>
<status status="NOT RUN" starttime="20230330 20:21:42.832" endtime="20230330 20:21:42.832"/>
</kw>
<kw name="Character MoveCount Should Be" library="MoveLibrary">
<arg>${endingMoveCount}</arg>
<status status="NOT RUN" starttime="20230330 20:21:42.832" endtime="20230330 20:21:42.833"/>
</kw>
<status status="FAIL" starttime="20230330 20:21:42.830" endtime="20230330 20:21:42.833"/>
</kw>
<status status="FAIL" starttime="20230330 20:21:42.830" endtime="20230330 20:21:42.833">AttributeError: 'NoneType' object has no attribute 'position'</status>
</test>
<doc>I want to move my character. If they attempt to move past a boundary, the move results in no change in position.</doc>
<status status="FAIL" starttime="20230330 20:21:42.783" endtime="20230330 20:21:42.834"/>
</suite>
<suite id="s1-s2" name="Start Game" source="/home/runner/work/team-7-level-seven-up-528f1a61-a4b8-4583-ba7d-52cbef5e9312/team-7-level-seven-up-528f1a61-a4b8-4583-ba7d-52cbef5e9312/tests/robot/start_game.robot">
<test id="s1-s2-t1" name="Blank character name" line="8">
<kw name="Start new game with character">
<arg>${EMPTY}</arg>
<arg>Character</arg>
<arg>100</arg>
<arg>0</arg>
<arg>0</arg>
<arg>0</arg>
<kw name="Initialize Controller" library="GameControllerLibrary">
<status status="PASS" starttime="20230330 20:21:42.840" endtime="20230330 20:21:42.840"/>
</kw>
<kw name="Create Character With Name" library="GameControllerLibrary">
<arg>${providedCharacterName}</arg>
<status status="PASS" starttime="20230330 20:21:42.840" endtime="20230330 20:21:42.840"/>
</kw>
<kw name="Character Name Should Be" library="GameControllerLibrary">
<arg>${characterName}</arg>
<status status="PASS" starttime="20230330 20:21:42.840" endtime="20230330 20:21:42.840"/>
</kw>
<kw name="Number Of Map Positions Should Be" library="GameControllerLibrary">
<arg>${numPositions}</arg>
<msg timestamp="20230330 20:21:42.841" level="FAIL">Not implemented</msg>
<status status="FAIL" starttime="20230330 20:21:42.840" endtime="20230330 20:21:42.841"/>
</kw>
<kw name="Starting X Coordinate Should Be" library="GameControllerLibrary">
<arg>${startingPositionX}</arg>
<status status="NOT RUN" starttime="20230330 20:21:42.841" endtime="20230330 20:21:42.841"/>
</kw>
<kw name="Starting Y Coordinate Should Be" library="GameControllerLibrary">
<arg>${startingPositionY}</arg>
<status status="NOT RUN" starttime="20230330 20:21:42.841" endtime="20230330 20:21:42.841"/>
</kw>
<kw name="Starting Move Count Should Be" library="GameControllerLibrary">
<arg>${startingMoveCount}</arg>
<status status="NOT RUN" starttime="20230330 20:21:42.841" endtime="20230330 20:21:42.842"/>
</kw>
<status status="FAIL" starttime="20230330 20:21:42.839" endtime="20230330 20:21:42.842"/>
</kw>
<status status="FAIL" starttime="20230330 20:21:42.839" endtime="20230330 20:21:42.842">Not implemented</status>
</test>
<test id="s1-s2-t2" name="Valid character name" line="9">
<kw name="Start new game with character">
<arg>Jeffrey</arg>
<arg>Jeffrey</arg>
<arg>100</arg>
<arg>0</arg>
<arg>0</arg>
<arg>0</arg>
<kw name="Initialize Controller" library="GameControllerLibrary">
<status status="PASS" starttime="20230330 20:21:42.843" endtime="20230330 20:21:42.843"/>
</kw>
<kw name="Create Character With Name" library="GameControllerLibrary">
<arg>${providedCharacterName}</arg>
<status status="PASS" starttime="20230330 20:21:42.843" endtime="20230330 20:21:42.844"/>
</kw>
<kw name="Character Name Should Be" library="GameControllerLibrary">
<arg>${characterName}</arg>
<status status="PASS" starttime="20230330 20:21:42.844" endtime="20230330 20:21:42.844"/>
</kw>
<kw name="Number Of Map Positions Should Be" library="GameControllerLibrary">
<arg>${numPositions}</arg>
<msg timestamp="20230330 20:21:42.844" level="FAIL">Not implemented</msg>
<status status="FAIL" starttime="20230330 20:21:42.844" endtime="20230330 20:21:42.844"/>
</kw>
<kw name="Starting X Coordinate Should Be" library="GameControllerLibrary">
<arg>${startingPositionX}</arg>
<status status="NOT RUN" starttime="20230330 20:21:42.845" endtime="20230330 20:21:42.845"/>
</kw>
<kw name="Starting Y Coordinate Should Be" library="GameControllerLibrary">
<arg>${startingPositionY}</arg>
<status status="NOT RUN" starttime="20230330 20:21:42.845" endtime="20230330 20:21:42.845"/>
</kw>
<kw name="Starting Move Count Should Be" library="GameControllerLibrary">
<arg>${startingMoveCount}</arg>
<status status="NOT RUN" starttime="20230330 20:21:42.845" endtime="20230330 20:21:42.845"/>
</kw>
<status status="FAIL" starttime="20230330 20:21:42.843" endtime="20230330 20:21:42.845"/>
</kw>
<status status="FAIL" starttime="20230330 20:21:42.843" endtime="20230330 20:21:42.846">Not implemented</status>
</test>
<doc>Test initialization of game.</doc>
<status status="FAIL" starttime="20230330 20:21:42.835" endtime="20230330 20:21:42.846"/>
</suite>
<status status="FAIL" starttime="20230330 20:21:42.764" endtime="20230330 20:21:42.847"/>
</suite>
<statistics>
<total>
<stat pass="0" fail="14" skip="0">All Tests</stat>
</total>
<tag>
</tag>
<suite>
<stat pass="0" fail="14" skip="0" id="s1" name="Robot">Robot</stat>
<stat pass="0" fail="12" skip="0" id="s1-s1" name="Move">Robot.Move</stat>
<stat pass="0" fail="2" skip="0" id="s1-s2" name="Start Game">Robot.Start Game</stat>
</suite>
</statistics>
<errors>
</errors>
</robot>
