<?xml version="1.0" encoding="UTF-8"?>
<robot generator="Robot 5.0.1 (Python 3.10.10 on linux)" generated="20230330 23:15:58.259" rpa="false" schemaversion="3">
<suite id="s1" name="Robot" source="/home/runner/work/team-7-level-seven-up-528f1a61-a4b8-4583-ba7d-52cbef5e9312/team-7-level-seven-up-528f1a61-a4b8-4583-ba7d-52cbef5e9312/tests/robot">
<suite id="s1-s1" name="Move" source="/home/runner/work/team-7-level-seven-up-528f1a61-a4b8-4583-ba7d-52cbef5e9312/team-7-level-seven-up-528f1a61-a4b8-4583-ba7d-52cbef5e9312/tests/robot/move.robot">
<test id="s1-s1-t1" name="Valid Case North" line="7">
<kw name="Move character">
<arg>4</arg>
<arg>5</arg>
<arg>1</arg>
<arg>NORTH</arg>
<arg>4</arg>
<arg>4</arg>
<arg>2</arg>
<kw name="Initialize Character Xposition With" library="MoveLibrary">
<arg>${startingX}</arg>
<status status="PASS" starttime="20230330 23:15:58.288" endtime="20230330 23:15:58.288"/>
</kw>
<kw name="Initialize Character Yposition With" library="MoveLibrary">
<arg>${startingY}</arg>
<status status="PASS" starttime="20230330 23:15:58.288" endtime="20230330 23:15:58.289"/>
</kw>
<kw name="Initialize Character MoveCount With" library="MoveLibrary">
<arg>${startingMoveCount}</arg>
<status status="PASS" starttime="20230330 23:15:58.289" endtime="20230330 23:15:58.289"/>
</kw>
<kw name="Move In Direction" library="MoveLibrary">
<arg>${direction}</arg>
<msg timestamp="20230330 23:15:58.290" level="FAIL">AttributeError: 'NoneType' object has no attribute 'position'</msg>
<status status="FAIL" starttime="20230330 23:15:58.289" endtime="20230330 23:15:58.290"/>
</kw>
<kw name="Character Xposition Should Be" library="MoveLibrary">
<arg>${endingX}</arg>
<status status="NOT RUN" starttime="20230330 23:15:58.290" endtime="20230330 23:15:58.290"/>
</kw>
<kw name="Character Yposition Should Be" library="MoveLibrary">
<arg>${endingY}</arg>
<status status="NOT RUN" starttime="20230330 23:15:58.290" endtime="20230330 23:15:58.290"/>
</kw>
<kw name="Character MoveCount Should Be" library="MoveLibrary">
<arg>${endingMoveCount}</arg>
<status status="NOT RUN" starttime="20230330 23:15:58.290" endtime="20230330 23:15:58.290"/>
</kw>
<status status="FAIL" starttime="20230330 23:15:58.288" endtime="20230330 23:15:58.291"/>
</kw>
<status status="FAIL" starttime="20230330 23:15:58.287" endtime="20230330 23:15:58.291">AttributeError: 'NoneType' object has no attribute 'position'</status>
</test>
<test id="s1-s1-t2" name="Valid Case South" line="8">
<kw name="Move character">
<arg>5</arg>
<arg>8</arg>
<arg>33</arg>
<arg>SOUTH</arg>
<arg>5</arg>
<arg>9</arg>
<arg>34</arg>
<kw name="Initialize Character Xposition With" library="MoveLibrary">
<arg>${startingX}</arg>
<status status="PASS" starttime="20230330 23:15:58.292" endtime="20230330 23:15:58.293"/>
</kw>
<kw name="Initialize Character Yposition With" library="MoveLibrary">
<arg>${startingY}</arg>
<status status="PASS" starttime="20230330 23:15:58.293" endtime="20230330 23:15:58.293"/>
</kw>
<kw name="Initialize Character MoveCount With" library="MoveLibrary">
<arg>${startingMoveCount}</arg>
<status status="PASS" starttime="20230330 23:15:58.293" endtime="20230330 23:15:58.293"/>
</kw>
<kw name="Move In Direction" library="MoveLibrary">
<arg>${direction}</arg>
<msg timestamp="20230330 23:15:58.294" level="FAIL">AttributeError: 'NoneType' object has no attribute 'position'</msg>
<status status="FAIL" starttime="20230330 23:15:58.293" endtime="20230330 23:15:58.294"/>
</kw>
<kw name="Character Xposition Should Be" library="MoveLibrary">
<arg>${endingX}</arg>
<status status="NOT RUN" starttime="20230330 23:15:58.294" endtime="20230330 23:15:58.294"/>
</kw>
<kw name="Character Yposition Should Be" library="MoveLibrary">
<arg>${endingY}</arg>
<status status="NOT RUN" starttime="20230330 23:15:58.294" endtime="20230330 23:15:58.294"/>
</kw>
<kw name="Character MoveCount Should Be" library="MoveLibrary">
<arg>${endingMoveCount}</arg>
<status status="NOT RUN" starttime="20230330 23:15:58.294" endtime="20230330 23:15:58.294"/>
</kw>
<status status="FAIL" starttime="20230330 23:15:58.292" endtime="20230330 23:15:58.295"/>
</kw>
<status status="FAIL" starttime="20230330 23:15:58.292" endtime="20230330 23:15:58.295">AttributeError: 'NoneType' object has no attribute 'position'</status>
</test>
<test id="s1-s1-t3" name="Valid Case East" line="9">
<kw name="Move character">
<arg>4</arg>
<arg>5</arg>
<arg>1</arg>
<arg>EAST</arg>
<arg>5</arg>
<arg>5</arg>
<arg>2</arg>
<kw name="Initialize Character Xposition With" library="MoveLibrary">
<arg>${startingX}</arg>
<status status="PASS" starttime="20230330 23:15:58.296" endtime="20230330 23:15:58.296"/>
</kw>
<kw name="Initialize Character Yposition With" library="MoveLibrary">
<arg>${startingY}</arg>
<status status="PASS" starttime="20230330 23:15:58.296" endtime="20230330 23:15:58.296"/>
</kw>
<kw name="Initialize Character MoveCount With" library="MoveLibrary">
<arg>${startingMoveCount}</arg>
<status status="PASS" starttime="20230330 23:15:58.296" endtime="20230330 23:15:58.297"/>
</kw>
<kw name="Move In Direction" library="MoveLibrary">
<arg>${direction}</arg>
<msg timestamp="20230330 23:15:58.297" level="FAIL">AttributeError: 'NoneType' object has no attribute 'position'</msg>
<status status="FAIL" starttime="20230330 23:15:58.297" endtime="20230330 23:15:58.297"/>
</kw>
<kw name="Character Xposition Should Be" library="MoveLibrary">
<arg>${endingX}</arg>
<status status="NOT RUN" starttime="20230330 23:15:58.297" endtime="20230330 23:15:58.297"/>
</kw>
<kw name="Character Yposition Should Be" library="MoveLibrary">
<arg>${endingY}</arg>
<status status="NOT RUN" starttime="20230330 23:15:58.297" endtime="20230330 23:15:58.297"/>
</kw>
<kw name="Character MoveCount Should Be" library="MoveLibrary">
<arg>${endingMoveCount}</arg>
<status status="NOT RUN" starttime="20230330 23:15:58.298" endtime="20230330 23:15:58.298"/>
</kw>
<status status="FAIL" starttime="20230330 23:15:58.295" endtime="20230330 23:15:58.298"/>
</kw>
<status status="FAIL" starttime="20230330 23:15:58.295" endtime="20230330 23:15:58.298">AttributeError: 'NoneType' object has no attribute 'position'</status>
</test>
<test id="s1-s1-t4" name="Valid Case West" line="10">
<kw name="Move character">
<arg>5</arg>
<arg>8</arg>
<arg>22</arg>
<arg>WEST</arg>
<arg>4</arg>
<arg>8</arg>
<arg>23</arg>
<kw name="Initialize Character Xposition With" library="MoveLibrary">
<arg>${startingX}</arg>
<status status="PASS" starttime="20230330 23:15:58.299" endtime="20230330 23:15:58.299"/>
</kw>
<kw name="Initialize Character Yposition With" library="MoveLibrary">
<arg>${startingY}</arg>
<status status="PASS" starttime="20230330 23:15:58.300" endtime="20230330 23:15:58.300"/>
</kw>
<kw name="Initialize Character MoveCount With" library="MoveLibrary">
<arg>${startingMoveCount}</arg>
<status status="PASS" starttime="20230330 23:15:58.300" endtime="20230330 23:15:58.300"/>
</kw>
<kw name="Move In Direction" library="MoveLibrary">
<arg>${direction}</arg>
<msg timestamp="20230330 23:15:58.300" level="FAIL">AttributeError: 'NoneType' object has no attribute 'position'</msg>
<status status="FAIL" starttime="20230330 23:15:58.300" endtime="20230330 23:15:58.300"/>
</kw>
<kw name="Character Xposition Should Be" library="MoveLibrary">
<arg>${endingX}</arg>
<status status="NOT RUN" starttime="20230330 23:15:58.301" endtime="20230330 23:15:58.301"/>
</kw>
<kw name="Character Yposition Should Be" library="MoveLibrary">
<arg>${endingY}</arg>
<status status="NOT RUN" starttime="20230330 23:15:58.301" endtime="20230330 23:15:58.301"/>
</kw>
<kw name="Character MoveCount Should Be" library="MoveLibrary">
<arg>${endingMoveCount}</arg>
<status status="NOT RUN" starttime="20230330 23:15:58.301" endtime="20230330 23:15:58.301"/>
</kw>
<status status="FAIL" starttime="20230330 23:15:58.299" endtime="20230330 23:15:58.301"/>
</kw>
<status status="FAIL" starttime="20230330 23:15:58.298" endtime="20230330 23:15:58.302">AttributeError: 'NoneType' object has no attribute 'position'</status>
</test>
<test id="s1-s1-t5" name="Valid Edge Case North" line="11">
<kw name="Move character">
<arg>9</arg>
<arg>9</arg>
<arg>1</arg>
<arg>NORTH</arg>
<arg>9</arg>
<arg>8</arg>
<arg>2</arg>
<kw name="Initialize Character Xposition With" library="MoveLibrary">
<arg>${startingX}</arg>
<status status="PASS" starttime="20230330 23:15:58.303" endtime="20230330 23:15:58.303"/>
</kw>
<kw name="Initialize Character Yposition With" library="MoveLibrary">
<arg>${startingY}</arg>
<status status="PASS" starttime="20230330 23:15:58.303" endtime="20230330 23:15:58.303"/>
</kw>
<kw name="Initialize Character MoveCount With" library="MoveLibrary">
<arg>${startingMoveCount}</arg>
<status status="PASS" starttime="20230330 23:15:58.303" endtime="20230330 23:15:58.304"/>
</kw>
<kw name="Move In Direction" library="MoveLibrary">
<arg>${direction}</arg>
<msg timestamp="20230330 23:15:58.304" level="FAIL">AttributeError: 'NoneType' object has no attribute 'position'</msg>
<status status="FAIL" starttime="20230330 23:15:58.304" endtime="20230330 23:15:58.304"/>
</kw>
<kw name="Character Xposition Should Be" library="MoveLibrary">
<arg>${endingX}</arg>
<status status="NOT RUN" starttime="20230330 23:15:58.304" endtime="20230330 23:15:58.304"/>
</kw>
<kw name="Character Yposition Should Be" library="MoveLibrary">
<arg>${endingY}</arg>
<status status="NOT RUN" starttime="20230330 23:15:58.304" endtime="20230330 23:15:58.305"/>
</kw>
<kw name="Character MoveCount Should Be" library="MoveLibrary">
<arg>${endingMoveCount}</arg>
<status status="NOT RUN" starttime="20230330 23:15:58.305" endtime="20230330 23:15:58.305"/>
</kw>
<status status="FAIL" starttime="20230330 23:15:58.302" endtime="20230330 23:15:58.305"/>
</kw>
<status status="FAIL" starttime="20230330 23:15:58.302" endtime="20230330 23:15:58.305">AttributeError: 'NoneType' object has no attribute 'position'</status>
</test>
<test id="s1-s1-t6" name="Valid Edge Case South" line="12">
<kw name="Move character">
<arg>0</arg>
<arg>0</arg>
<arg>33</arg>
<arg>SOUTH</arg>
<arg>0</arg>
<arg>1</arg>
<arg>34</arg>
<kw name="Initialize Character Xposition With" library="MoveLibrary">
<arg>${startingX}</arg>
<status status="PASS" starttime="20230330 23:15:58.306" endtime="20230330 23:15:58.306"/>
</kw>
<kw name="Initialize Character Yposition With" library="MoveLibrary">
<arg>${startingY}</arg>
<status status="PASS" starttime="20230330 23:15:58.307" endtime="20230330 23:15:58.307"/>
</kw>
<kw name="Initialize Character MoveCount With" library="MoveLibrary">
<arg>${startingMoveCount}</arg>
<status status="PASS" starttime="20230330 23:15:58.307" endtime="20230330 23:15:58.307"/>
</kw>
<kw name="Move In Direction" library="MoveLibrary">
<arg>${direction}</arg>
<msg timestamp="20230330 23:15:58.307" level="FAIL">AttributeError: 'NoneType' object has no attribute 'position'</msg>
<status status="FAIL" starttime="20230330 23:15:58.307" endtime="20230330 23:15:58.307"/>
</kw>
<kw name="Character Xposition Should Be" library="MoveLibrary">
<arg>${endingX}</arg>
<status status="NOT RUN" starttime="20230330 23:15:58.308" endtime="20230330 23:15:58.308"/>
</kw>
<kw name="Character Yposition Should Be" library="MoveLibrary">
<arg>${endingY}</arg>
<status status="NOT RUN" starttime="20230330 23:15:58.308" endtime="20230330 23:15:58.308"/>
</kw>
<kw name="Character MoveCount Should Be" library="MoveLibrary">
<arg>${endingMoveCount}</arg>
<status status="NOT RUN" starttime="20230330 23:15:58.308" endtime="20230330 23:15:58.308"/>
</kw>
<status status="FAIL" starttime="20230330 23:15:58.306" endtime="20230330 23:15:58.308"/>
</kw>
<status status="FAIL" starttime="20230330 23:15:58.305" endtime="20230330 23:15:58.309">AttributeError: 'NoneType' object has no attribute 'position'</status>
</test>
<test id="s1-s1-t7" name="Valid Edge Case East" line="13">
<kw name="Move character">
<arg>0</arg>
<arg>0</arg>
<arg>1</arg>
<arg>EAST</arg>
<arg>1</arg>
<arg>0</arg>
<arg>2</arg>
<kw name="Initialize Character Xposition With" library="MoveLibrary">
<arg>${startingX}</arg>
<status status="PASS" starttime="20230330 23:15:58.310" endtime="20230330 23:15:58.310"/>
</kw>
<kw name="Initialize Character Yposition With" library="MoveLibrary">
<arg>${startingY}</arg>
<status status="PASS" starttime="20230330 23:15:58.310" endtime="20230330 23:15:58.310"/>
</kw>
<kw name="Initialize Character MoveCount With" library="MoveLibrary">
<arg>${startingMoveCount}</arg>
<status status="PASS" starttime="20230330 23:15:58.310" endtime="20230330 23:15:58.310"/>
</kw>
<kw name="Move In Direction" library="MoveLibrary">
<arg>${direction}</arg>
<msg timestamp="20230330 23:15:58.311" level="FAIL">AttributeError: 'NoneType' object has no attribute 'position'</msg>
<status status="FAIL" starttime="20230330 23:15:58.310" endtime="20230330 23:15:58.311"/>
</kw>
<kw name="Character Xposition Should Be" library="MoveLibrary">
<arg>${endingX}</arg>
<status status="NOT RUN" starttime="20230330 23:15:58.311" endtime="20230330 23:15:58.311"/>
</kw>
<kw name="Character Yposition Should Be" library="MoveLibrary">
<arg>${endingY}</arg>
<status status="NOT RUN" starttime="20230330 23:15:58.311" endtime="20230330 23:15:58.311"/>
</kw>
<kw name="Character MoveCount Should Be" library="MoveLibrary">
<arg>${endingMoveCount}</arg>
<status status="NOT RUN" starttime="20230330 23:15:58.311" endtime="20230330 23:15:58.311"/>
</kw>
<status status="FAIL" starttime="20230330 23:15:58.309" endtime="20230330 23:15:58.312"/>
</kw>
<status status="FAIL" starttime="20230330 23:15:58.309" endtime="20230330 23:15:58.312">AttributeError: 'NoneType' object has no attribute 'position'</status>
</test>
<test id="s1-s1-t8" name="Valid Edge Case West" line="14">
<kw name="Move character">
<arg>9</arg>
<arg>9</arg>
<arg>22</arg>
<arg>WEST</arg>
<arg>8</arg>
<arg>9</arg>
<arg>23</arg>
<kw name="Initialize Character Xposition With" library="MoveLibrary">
<arg>${startingX}</arg>
<status status="PASS" starttime="20230330 23:15:58.313" endtime="20230330 23:15:58.313"/>
</kw>
<kw name="Initialize Character Yposition With" library="MoveLibrary">
<arg>${startingY}</arg>
<status status="PASS" starttime="20230330 23:15:58.313" endtime="20230330 23:15:58.314"/>
</kw>
<kw name="Initialize Character MoveCount With" library="MoveLibrary">
<arg>${startingMoveCount}</arg>
<status status="PASS" starttime="20230330 23:15:58.314" endtime="20230330 23:15:58.314"/>
</kw>
<kw name="Move In Direction" library="MoveLibrary">
<arg>${direction}</arg>
<msg timestamp="20230330 23:15:58.314" level="FAIL">AttributeError: 'NoneType' object has no attribute 'position'</msg>
<status status="FAIL" starttime="20230330 23:15:58.314" endtime="20230330 23:15:58.314"/>
</kw>
<kw name="Character Xposition Should Be" library="MoveLibrary">
<arg>${endingX}</arg>
<status status="NOT RUN" starttime="20230330 23:15:58.315" endtime="20230330 23:15:58.315"/>
</kw>
<kw name="Character Yposition Should Be" library="MoveLibrary">
<arg>${endingY}</arg>
<status status="NOT RUN" starttime="20230330 23:15:58.315" endtime="20230330 23:15:58.315"/>
</kw>
<kw name="Character MoveCount Should Be" library="MoveLibrary">
<arg>${endingMoveCount}</arg>
<status status="NOT RUN" starttime="20230330 23:15:58.315" endtime="20230330 23:15:58.315"/>
</kw>
<status status="FAIL" starttime="20230330 23:15:58.313" endtime="20230330 23:15:58.315"/>
</kw>
<status status="FAIL" starttime="20230330 23:15:58.312" endtime="20230330 23:15:58.316">AttributeError: 'NoneType' object has no attribute 'position'</status>
</test>
<test id="s1-s1-t9" name="Invalid Edge Case North" line="15">
<kw name="Move character">
<arg>0</arg>
<arg>0</arg>
<arg>5</arg>
<arg>SOUTH</arg>
<arg>0</arg>
<arg>0</arg>
<arg>6</arg>
<kw name="Initialize Character Xposition With" library="MoveLibrary">
<arg>${startingX}</arg>
<status status="PASS" starttime="20230330 23:15:58.317" endtime="20230330 23:15:58.317"/>
</kw>
<kw name="Initialize Character Yposition With" library="MoveLibrary">
<arg>${startingY}</arg>
<status status="PASS" starttime="20230330 23:15:58.317" endtime="20230330 23:15:58.317"/>
</kw>
<kw name="Initialize Character MoveCount With" library="MoveLibrary">
<arg>${startingMoveCount}</arg>
<status status="PASS" starttime="20230330 23:15:58.317" endtime="20230330 23:15:58.317"/>
</kw>
<kw name="Move In Direction" library="MoveLibrary">
<arg>${direction}</arg>
<msg timestamp="20230330 23:15:58.318" level="FAIL">AttributeError: 'NoneType' object has no attribute 'position'</msg>
<status status="FAIL" starttime="20230330 23:15:58.317" endtime="20230330 23:15:58.318"/>
</kw>
<kw name="Character Xposition Should Be" library="MoveLibrary">
<arg>${endingX}</arg>
<status status="NOT RUN" starttime="20230330 23:15:58.318" endtime="20230330 23:15:58.318"/>
</kw>
<kw name="Character Yposition Should Be" library="MoveLibrary">
<arg>${endingY}</arg>
<status status="NOT RUN" starttime="20230330 23:15:58.318" endtime="20230330 23:15:58.318"/>
</kw>
<kw name="Character MoveCount Should Be" library="MoveLibrary">
<arg>${endingMoveCount}</arg>
<status status="NOT RUN" starttime="20230330 23:15:58.318" endtime="20230330 23:15:58.318"/>
</kw>
<status status="FAIL" starttime="20230330 23:15:58.316" endtime="20230330 23:15:58.319"/>
</kw>
<status status="FAIL" starttime="20230330 23:15:58.316" endtime="20230330 23:15:58.319">AttributeError: 'NoneType' object has no attribute 'position'</status>
</test>
<test id="s1-s1-t10" name="Invalid Edge Case South" line="16">
<kw name="Move character">
<arg>9</arg>
<arg>9</arg>
<arg>11</arg>
<arg>NORTH</arg>
<arg>9</arg>
<arg>9</arg>
<arg>12</arg>
<kw name="Initialize Character Xposition With" library="MoveLibrary">
<arg>${startingX}</arg>
<status status="PASS" starttime="20230330 23:15:58.320" endtime="20230330 23:15:58.320"/>
</kw>
<kw name="Initialize Character Yposition With" library="MoveLibrary">
<arg>${startingY}</arg>
<status status="PASS" starttime="20230330 23:15:58.320" endtime="20230330 23:15:58.320"/>
</kw>
<kw name="Initialize Character MoveCount With" library="MoveLibrary">
<arg>${startingMoveCount}</arg>
<status status="PASS" starttime="20230330 23:15:58.321" endtime="20230330 23:15:58.321"/>
</kw>
<kw name="Move In Direction" library="MoveLibrary">
<arg>${direction}</arg>
<msg timestamp="20230330 23:15:58.321" level="FAIL">AttributeError: 'NoneType' object has no attribute 'position'</msg>
<status status="FAIL" starttime="20230330 23:15:58.321" endtime="20230330 23:15:58.321"/>
</kw>
<kw name="Character Xposition Should Be" library="MoveLibrary">
<arg>${endingX}</arg>
<status status="NOT RUN" starttime="20230330 23:15:58.321" endtime="20230330 23:15:58.322"/>
</kw>
<kw name="Character Yposition Should Be" library="MoveLibrary">
<arg>${endingY}</arg>
<status status="NOT RUN" starttime="20230330 23:15:58.322" endtime="20230330 23:15:58.322"/>
</kw>
<kw name="Character MoveCount Should Be" library="MoveLibrary">
<arg>${endingMoveCount}</arg>
<status status="NOT RUN" starttime="20230330 23:15:58.322" endtime="20230330 23:15:58.322"/>
</kw>
<status status="FAIL" starttime="20230330 23:15:58.320" endtime="20230330 23:15:58.322"/>
</kw>
<status status="FAIL" starttime="20230330 23:15:58.319" endtime="20230330 23:15:58.322">AttributeError: 'NoneType' object has no attribute 'position'</status>
</test>
<test id="s1-s1-t11" name="Invalid Edge Case East" line="17">
<kw name="Move character">
<arg>9</arg>
<arg>9</arg>
<arg>56</arg>
<arg>EAST</arg>
<arg>9</arg>
<arg>9</arg>
<arg>57</arg>
<kw name="Initialize Character Xposition With" library="MoveLibrary">
<arg>${startingX}</arg>
<status status="PASS" starttime="20230330 23:15:58.324" endtime="20230330 23:15:58.324"/>
</kw>
<kw name="Initialize Character Yposition With" library="MoveLibrary">
<arg>${startingY}</arg>
<status status="PASS" starttime="20230330 23:15:58.324" endtime="20230330 23:15:58.324"/>
</kw>
<kw name="Initialize Character MoveCount With" library="MoveLibrary">
<arg>${startingMoveCount}</arg>
<status status="PASS" starttime="20230330 23:15:58.324" endtime="20230330 23:15:58.324"/>
</kw>
<kw name="Move In Direction" library="MoveLibrary">
<arg>${direction}</arg>
<msg timestamp="20230330 23:15:58.325" level="FAIL">AttributeError: 'NoneType' object has no attribute 'position'</msg>
<status status="FAIL" starttime="20230330 23:15:58.324" endtime="20230330 23:15:58.325"/>
</kw>
<kw name="Character Xposition Should Be" library="MoveLibrary">
<arg>${endingX}</arg>
<status status="NOT RUN" starttime="20230330 23:15:58.325" endtime="20230330 23:15:58.325"/>
</kw>
<kw name="Character Yposition Should Be" library="MoveLibrary">
<arg>${endingY}</arg>
<status status="NOT RUN" starttime="20230330 23:15:58.325" endtime="20230330 23:15:58.325"/>
</kw>
<kw name="Character MoveCount Should Be" library="MoveLibrary">
<arg>${endingMoveCount}</arg>
<status status="NOT RUN" starttime="20230330 23:15:58.325" endtime="20230330 23:15:58.325"/>
</kw>
<status status="FAIL" starttime="20230330 23:15:58.323" endtime="20230330 23:15:58.326"/>
</kw>
<status status="FAIL" starttime="20230330 23:15:58.323" endtime="20230330 23:15:58.326">AttributeError: 'NoneType' object has no attribute 'position'</status>
</test>
<test id="s1-s1-t12" name="Invalid Edge Case West" line="18">
<kw name="Move character">
<arg>0</arg>
<arg>0</arg>
<arg>14</arg>
<arg>WEST</arg>
<arg>0</arg>
<arg>0</arg>
<arg>15</arg>
<kw name="Initialize Character Xposition With" library="MoveLibrary">
<arg>${startingX}</arg>
<status status="PASS" starttime="20230330 23:15:58.327" endtime="20230330 23:15:58.327"/>
</kw>
<kw name="Initialize Character Yposition With" library="MoveLibrary">
<arg>${startingY}</arg>
<status status="PASS" starttime="20230330 23:15:58.327" endtime="20230330 23:15:58.327"/>
</kw>
<kw name="Initialize Character MoveCount With" library="MoveLibrary">
<arg>${startingMoveCount}</arg>
<status status="PASS" starttime="20230330 23:15:58.327" endtime="20230330 23:15:58.328"/>
</kw>
<kw name="Move In Direction" library="MoveLibrary">
<arg>${direction}</arg>
<msg timestamp="20230330 23:15:58.328" level="FAIL">AttributeError: 'NoneType' object has no attribute 'position'</msg>
<status status="FAIL" starttime="20230330 23:15:58.328" endtime="20230330 23:15:58.328"/>
</kw>
<kw name="Character Xposition Should Be" library="MoveLibrary">
<arg>${endingX}</arg>
<status status="NOT RUN" starttime="20230330 23:15:58.328" endtime="20230330 23:15:58.328"/>
</kw>
<kw name="Character Yposition Should Be" library="MoveLibrary">
<arg>${endingY}</arg>
<status status="NOT RUN" starttime="20230330 23:15:58.328" endtime="20230330 23:15:58.328"/>
</kw>
<kw name="Character MoveCount Should Be" library="MoveLibrary">
<arg>${endingMoveCount}</arg>
<status status="NOT RUN" starttime="20230330 23:15:58.329" endtime="20230330 23:15:58.329"/>
</kw>
<status status="FAIL" starttime="20230330 23:15:58.326" endtime="20230330 23:15:58.329"/>
</kw>
<status status="FAIL" starttime="20230330 23:15:58.326" endtime="20230330 23:15:58.329">AttributeError: 'NoneType' object has no attribute 'position'</status>
</test>
<doc>I want to move my character. If they attempt to move past a boundary, the move results in no change in position.</doc>
<status status="FAIL" starttime="20230330 23:15:58.280" endtime="20230330 23:15:58.330"/>
</suite>
<suite id="s1-s2" name="Start Game" source="/home/runner/work/team-7-level-seven-up-528f1a61-a4b8-4583-ba7d-52cbef5e9312/team-7-level-seven-up-528f1a61-a4b8-4583-ba7d-52cbef5e9312/tests/robot/start_game.robot">
<test id="s1-s2-t1" name="Blank character name" line="8">
<kw name="Start new game with character">
<arg>${EMPTY}</arg>
<arg>Character</arg>
<arg>100</arg>
<arg>0</arg>
<arg>0</arg>
<arg>0</arg>
<kw name="Initialize Controller" library="GameControllerLibrary">
<status status="PASS" starttime="20230330 23:15:58.338" endtime="20230330 23:15:58.338"/>
</kw>
<kw name="Create Character With Name" library="GameControllerLibrary">
<arg>${providedCharacterName}</arg>
<status status="PASS" starttime="20230330 23:15:58.338" endtime="20230330 23:15:58.339"/>
</kw>
<kw name="Character Name Should Be" library="GameControllerLibrary">
<arg>${characterName}</arg>
<status status="PASS" starttime="20230330 23:15:58.339" endtime="20230330 23:15:58.339"/>
</kw>
<kw name="Number Of Map Positions Should Be" library="GameControllerLibrary">
<arg>${numPositions}</arg>
<msg timestamp="20230330 23:15:58.339" level="FAIL">Not implemented</msg>
<status status="FAIL" starttime="20230330 23:15:58.339" endtime="20230330 23:15:58.339"/>
</kw>
<kw name="Starting X Coordinate Should Be" library="GameControllerLibrary">
<arg>${startingPositionX}</arg>
<status status="NOT RUN" starttime="20230330 23:15:58.340" endtime="20230330 23:15:58.340"/>
</kw>
<kw name="Starting Y Coordinate Should Be" library="GameControllerLibrary">
<arg>${startingPositionY}</arg>
<status status="NOT RUN" starttime="20230330 23:15:58.340" endtime="20230330 23:15:58.340"/>
</kw>
<kw name="Starting Move Count Should Be" library="GameControllerLibrary">
<arg>${startingMoveCount}</arg>
<status status="NOT RUN" starttime="20230330 23:15:58.340" endtime="20230330 23:15:58.340"/>
</kw>
<status status="FAIL" starttime="20230330 23:15:58.337" endtime="20230330 23:15:58.340"/>
</kw>
<status status="FAIL" starttime="20230330 23:15:58.337" endtime="20230330 23:15:58.341">Not implemented</status>
</test>
<test id="s1-s2-t2" name="Valid character name" line="9">
<kw name="Start new game with character">
<arg>Jeffrey</arg>
<arg>Jeffrey</arg>
<arg>100</arg>
<arg>0</arg>
<arg>0</arg>
<arg>0</arg>
<kw name="Initialize Controller" library="GameControllerLibrary">
<status status="PASS" starttime="20230330 23:15:58.342" endtime="20230330 23:15:58.343"/>
</kw>
<kw name="Create Character With Name" library="GameControllerLibrary">
<arg>${providedCharacterName}</arg>
<status status="PASS" starttime="20230330 23:15:58.343" endtime="20230330 23:15:58.343"/>
</kw>
<kw name="Character Name Should Be" library="GameControllerLibrary">
<arg>${characterName}</arg>
<status status="PASS" starttime="20230330 23:15:58.343" endtime="20230330 23:15:58.343"/>
</kw>
<kw name="Number Of Map Positions Should Be" library="GameControllerLibrary">
<arg>${numPositions}</arg>
<msg timestamp="20230330 23:15:58.344" level="FAIL">Not implemented</msg>
<status status="FAIL" starttime="20230330 23:15:58.343" endtime="20230330 23:15:58.344"/>
</kw>
<kw name="Starting X Coordinate Should Be" library="GameControllerLibrary">
<arg>${startingPositionX}</arg>
<status status="NOT RUN" starttime="20230330 23:15:58.344" endtime="20230330 23:15:58.344"/>
</kw>
<kw name="Starting Y Coordinate Should Be" library="GameControllerLibrary">
<arg>${startingPositionY}</arg>
<status status="NOT RUN" starttime="20230330 23:15:58.344" endtime="20230330 23:15:58.344"/>
</kw>
<kw name="Starting Move Count Should Be" library="GameControllerLibrary">
<arg>${startingMoveCount}</arg>
<status status="NOT RUN" starttime="20230330 23:15:58.344" endtime="20230330 23:15:58.345"/>
</kw>
<status status="FAIL" starttime="20230330 23:15:58.342" endtime="20230330 23:15:58.345"/>
</kw>
<status status="FAIL" starttime="20230330 23:15:58.342" endtime="20230330 23:15:58.345">Not implemented</status>
</test>
<doc>Test initialization of game.</doc>
<status status="FAIL" starttime="20230330 23:15:58.332" endtime="20230330 23:15:58.346"/>
</suite>
<status status="FAIL" starttime="20230330 23:15:58.260" endtime="20230330 23:15:58.347"/>
</suite>
<statistics>
<total>
<stat pass="0" fail="14" skip="0">All Tests</stat>
</total>
<tag>
</tag>
<suite>
<stat pass="0" fail="14" skip="0" id="s1" name="Robot">Robot</stat>
<stat pass="0" fail="12" skip="0" id="s1-s1" name="Move">Robot.Move</stat>
<stat pass="0" fail="2" skip="0" id="s1-s2" name="Start Game">Robot.Start Game</stat>
</suite>
</statistics>
<errors>
</errors>
</robot>
