<?xml version="1.0" encoding="UTF-8"?>
<robot generator="Robot 5.0.1 (Python 3.10.10 on linux)" generated="20230330 22:59:09.021" rpa="false" schemaversion="3">
<suite id="s1" name="Robot" source="/home/runner/work/team-7-level-seven-up-528f1a61-a4b8-4583-ba7d-52cbef5e9312/team-7-level-seven-up-528f1a61-a4b8-4583-ba7d-52cbef5e9312/tests/robot">
<suite id="s1-s1" name="Move" source="/home/runner/work/team-7-level-seven-up-528f1a61-a4b8-4583-ba7d-52cbef5e9312/team-7-level-seven-up-528f1a61-a4b8-4583-ba7d-52cbef5e9312/tests/robot/move.robot">
<test id="s1-s1-t1" name="Valid Case North" line="7">
<kw name="Move character">
<arg>4</arg>
<arg>5</arg>
<arg>1</arg>
<arg>NORTH</arg>
<arg>4</arg>
<arg>4</arg>
<arg>2</arg>
<kw name="Initialize Character Xposition With" library="MoveLibrary">
<arg>${startingX}</arg>
<status status="PASS" starttime="20230330 22:59:09.049" endtime="20230330 22:59:09.049"/>
</kw>
<kw name="Initialize Character Yposition With" library="MoveLibrary">
<arg>${startingY}</arg>
<status status="PASS" starttime="20230330 22:59:09.049" endtime="20230330 22:59:09.049"/>
</kw>
<kw name="Initialize Character MoveCount With" library="MoveLibrary">
<arg>${startingMoveCount}</arg>
<status status="PASS" starttime="20230330 22:59:09.049" endtime="20230330 22:59:09.049"/>
</kw>
<kw name="Move In Direction" library="MoveLibrary">
<arg>${direction}</arg>
<msg timestamp="20230330 22:59:09.050" level="FAIL">AttributeError: 'NoneType' object has no attribute 'position'</msg>
<status status="FAIL" starttime="20230330 22:59:09.049" endtime="20230330 22:59:09.050"/>
</kw>
<kw name="Character Xposition Should Be" library="MoveLibrary">
<arg>${endingX}</arg>
<status status="NOT RUN" starttime="20230330 22:59:09.051" endtime="20230330 22:59:09.051"/>
</kw>
<kw name="Character Yposition Should Be" library="MoveLibrary">
<arg>${endingY}</arg>
<status status="NOT RUN" starttime="20230330 22:59:09.051" endtime="20230330 22:59:09.051"/>
</kw>
<kw name="Character MoveCount Should Be" library="MoveLibrary">
<arg>${endingMoveCount}</arg>
<status status="NOT RUN" starttime="20230330 22:59:09.051" endtime="20230330 22:59:09.051"/>
</kw>
<status status="FAIL" starttime="20230330 22:59:09.048" endtime="20230330 22:59:09.051"/>
</kw>
<status status="FAIL" starttime="20230330 22:59:09.048" endtime="20230330 22:59:09.052">AttributeError: 'NoneType' object has no attribute 'position'</status>
</test>
<test id="s1-s1-t2" name="Valid Case South" line="8">
<kw name="Move character">
<arg>5</arg>
<arg>8</arg>
<arg>33</arg>
<arg>SOUTH</arg>
<arg>5</arg>
<arg>9</arg>
<arg>34</arg>
<kw name="Initialize Character Xposition With" library="MoveLibrary">
<arg>${startingX}</arg>
<status status="PASS" starttime="20230330 22:59:09.053" endtime="20230330 22:59:09.053"/>
</kw>
<kw name="Initialize Character Yposition With" library="MoveLibrary">
<arg>${startingY}</arg>
<status status="PASS" starttime="20230330 22:59:09.053" endtime="20230330 22:59:09.053"/>
</kw>
<kw name="Initialize Character MoveCount With" library="MoveLibrary">
<arg>${startingMoveCount}</arg>
<status status="PASS" starttime="20230330 22:59:09.053" endtime="20230330 22:59:09.054"/>
</kw>
<kw name="Move In Direction" library="MoveLibrary">
<arg>${direction}</arg>
<msg timestamp="20230330 22:59:09.054" level="FAIL">AttributeError: 'NoneType' object has no attribute 'position'</msg>
<status status="FAIL" starttime="20230330 22:59:09.054" endtime="20230330 22:59:09.054"/>
</kw>
<kw name="Character Xposition Should Be" library="MoveLibrary">
<arg>${endingX}</arg>
<status status="NOT RUN" starttime="20230330 22:59:09.054" endtime="20230330 22:59:09.054"/>
</kw>
<kw name="Character Yposition Should Be" library="MoveLibrary">
<arg>${endingY}</arg>
<status status="NOT RUN" starttime="20230330 22:59:09.054" endtime="20230330 22:59:09.055"/>
</kw>
<kw name="Character MoveCount Should Be" library="MoveLibrary">
<arg>${endingMoveCount}</arg>
<status status="NOT RUN" starttime="20230330 22:59:09.055" endtime="20230330 22:59:09.055"/>
</kw>
<status status="FAIL" starttime="20230330 22:59:09.052" endtime="20230330 22:59:09.055"/>
</kw>
<status status="FAIL" starttime="20230330 22:59:09.052" endtime="20230330 22:59:09.055">AttributeError: 'NoneType' object has no attribute 'position'</status>
</test>
<test id="s1-s1-t3" name="Valid Case East" line="9">
<kw name="Move character">
<arg>4</arg>
<arg>5</arg>
<arg>1</arg>
<arg>EAST</arg>
<arg>5</arg>
<arg>5</arg>
<arg>2</arg>
<kw name="Initialize Character Xposition With" library="MoveLibrary">
<arg>${startingX}</arg>
<status status="PASS" starttime="20230330 22:59:09.056" endtime="20230330 22:59:09.056"/>
</kw>
<kw name="Initialize Character Yposition With" library="MoveLibrary">
<arg>${startingY}</arg>
<status status="PASS" starttime="20230330 22:59:09.057" endtime="20230330 22:59:09.057"/>
</kw>
<kw name="Initialize Character MoveCount With" library="MoveLibrary">
<arg>${startingMoveCount}</arg>
<status status="PASS" starttime="20230330 22:59:09.057" endtime="20230330 22:59:09.057"/>
</kw>
<kw name="Move In Direction" library="MoveLibrary">
<arg>${direction}</arg>
<msg timestamp="20230330 22:59:09.057" level="FAIL">AttributeError: 'NoneType' object has no attribute 'position'</msg>
<status status="FAIL" starttime="20230330 22:59:09.057" endtime="20230330 22:59:09.057"/>
</kw>
<kw name="Character Xposition Should Be" library="MoveLibrary">
<arg>${endingX}</arg>
<status status="NOT RUN" starttime="20230330 22:59:09.058" endtime="20230330 22:59:09.058"/>
</kw>
<kw name="Character Yposition Should Be" library="MoveLibrary">
<arg>${endingY}</arg>
<status status="NOT RUN" starttime="20230330 22:59:09.058" endtime="20230330 22:59:09.058"/>
</kw>
<kw name="Character MoveCount Should Be" library="MoveLibrary">
<arg>${endingMoveCount}</arg>
<status status="NOT RUN" starttime="20230330 22:59:09.058" endtime="20230330 22:59:09.058"/>
</kw>
<status status="FAIL" starttime="20230330 22:59:09.056" endtime="20230330 22:59:09.058"/>
</kw>
<status status="FAIL" starttime="20230330 22:59:09.056" endtime="20230330 22:59:09.059">AttributeError: 'NoneType' object has no attribute 'position'</status>
</test>
<test id="s1-s1-t4" name="Valid Case West" line="10">
<kw name="Move character">
<arg>5</arg>
<arg>8</arg>
<arg>22</arg>
<arg>WEST</arg>
<arg>4</arg>
<arg>8</arg>
<arg>23</arg>
<kw name="Initialize Character Xposition With" library="MoveLibrary">
<arg>${startingX}</arg>
<status status="PASS" starttime="20230330 22:59:09.060" endtime="20230330 22:59:09.060"/>
</kw>
<kw name="Initialize Character Yposition With" library="MoveLibrary">
<arg>${startingY}</arg>
<status status="PASS" starttime="20230330 22:59:09.060" endtime="20230330 22:59:09.060"/>
</kw>
<kw name="Initialize Character MoveCount With" library="MoveLibrary">
<arg>${startingMoveCount}</arg>
<status status="PASS" starttime="20230330 22:59:09.060" endtime="20230330 22:59:09.060"/>
</kw>
<kw name="Move In Direction" library="MoveLibrary">
<arg>${direction}</arg>
<msg timestamp="20230330 22:59:09.061" level="FAIL">AttributeError: 'NoneType' object has no attribute 'position'</msg>
<status status="FAIL" starttime="20230330 22:59:09.060" endtime="20230330 22:59:09.061"/>
</kw>
<kw name="Character Xposition Should Be" library="MoveLibrary">
<arg>${endingX}</arg>
<status status="NOT RUN" starttime="20230330 22:59:09.061" endtime="20230330 22:59:09.061"/>
</kw>
<kw name="Character Yposition Should Be" library="MoveLibrary">
<arg>${endingY}</arg>
<status status="NOT RUN" starttime="20230330 22:59:09.061" endtime="20230330 22:59:09.061"/>
</kw>
<kw name="Character MoveCount Should Be" library="MoveLibrary">
<arg>${endingMoveCount}</arg>
<status status="NOT RUN" starttime="20230330 22:59:09.061" endtime="20230330 22:59:09.061"/>
</kw>
<status status="FAIL" starttime="20230330 22:59:09.059" endtime="20230330 22:59:09.062"/>
</kw>
<status status="FAIL" starttime="20230330 22:59:09.059" endtime="20230330 22:59:09.062">AttributeError: 'NoneType' object has no attribute 'position'</status>
</test>
<test id="s1-s1-t5" name="Valid Edge Case North" line="11">
<kw name="Move character">
<arg>9</arg>
<arg>9</arg>
<arg>1</arg>
<arg>NORTH</arg>
<arg>9</arg>
<arg>8</arg>
<arg>2</arg>
<kw name="Initialize Character Xposition With" library="MoveLibrary">
<arg>${startingX}</arg>
<status status="PASS" starttime="20230330 22:59:09.063" endtime="20230330 22:59:09.063"/>
</kw>
<kw name="Initialize Character Yposition With" library="MoveLibrary">
<arg>${startingY}</arg>
<status status="PASS" starttime="20230330 22:59:09.063" endtime="20230330 22:59:09.064"/>
</kw>
<kw name="Initialize Character MoveCount With" library="MoveLibrary">
<arg>${startingMoveCount}</arg>
<status status="PASS" starttime="20230330 22:59:09.064" endtime="20230330 22:59:09.064"/>
</kw>
<kw name="Move In Direction" library="MoveLibrary">
<arg>${direction}</arg>
<msg timestamp="20230330 22:59:09.064" level="FAIL">AttributeError: 'NoneType' object has no attribute 'position'</msg>
<status status="FAIL" starttime="20230330 22:59:09.064" endtime="20230330 22:59:09.064"/>
</kw>
<kw name="Character Xposition Should Be" library="MoveLibrary">
<arg>${endingX}</arg>
<status status="NOT RUN" starttime="20230330 22:59:09.065" endtime="20230330 22:59:09.065"/>
</kw>
<kw name="Character Yposition Should Be" library="MoveLibrary">
<arg>${endingY}</arg>
<status status="NOT RUN" starttime="20230330 22:59:09.065" endtime="20230330 22:59:09.065"/>
</kw>
<kw name="Character MoveCount Should Be" library="MoveLibrary">
<arg>${endingMoveCount}</arg>
<status status="NOT RUN" starttime="20230330 22:59:09.065" endtime="20230330 22:59:09.065"/>
</kw>
<status status="FAIL" starttime="20230330 22:59:09.063" endtime="20230330 22:59:09.065"/>
</kw>
<status status="FAIL" starttime="20230330 22:59:09.062" endtime="20230330 22:59:09.065">AttributeError: 'NoneType' object has no attribute 'position'</status>
</test>
<test id="s1-s1-t6" name="Valid Edge Case South" line="12">
<kw name="Move character">
<arg>0</arg>
<arg>0</arg>
<arg>33</arg>
<arg>SOUTH</arg>
<arg>0</arg>
<arg>1</arg>
<arg>34</arg>
<kw name="Initialize Character Xposition With" library="MoveLibrary">
<arg>${startingX}</arg>
<status status="PASS" starttime="20230330 22:59:09.066" endtime="20230330 22:59:09.067"/>
</kw>
<kw name="Initialize Character Yposition With" library="MoveLibrary">
<arg>${startingY}</arg>
<status status="PASS" starttime="20230330 22:59:09.067" endtime="20230330 22:59:09.067"/>
</kw>
<kw name="Initialize Character MoveCount With" library="MoveLibrary">
<arg>${startingMoveCount}</arg>
<status status="PASS" starttime="20230330 22:59:09.067" endtime="20230330 22:59:09.067"/>
</kw>
<kw name="Move In Direction" library="MoveLibrary">
<arg>${direction}</arg>
<msg timestamp="20230330 22:59:09.068" level="FAIL">AttributeError: 'NoneType' object has no attribute 'position'</msg>
<status status="FAIL" starttime="20230330 22:59:09.067" endtime="20230330 22:59:09.068"/>
</kw>
<kw name="Character Xposition Should Be" library="MoveLibrary">
<arg>${endingX}</arg>
<status status="NOT RUN" starttime="20230330 22:59:09.068" endtime="20230330 22:59:09.068"/>
</kw>
<kw name="Character Yposition Should Be" library="MoveLibrary">
<arg>${endingY}</arg>
<status status="NOT RUN" starttime="20230330 22:59:09.068" endtime="20230330 22:59:09.068"/>
</kw>
<kw name="Character MoveCount Should Be" library="MoveLibrary">
<arg>${endingMoveCount}</arg>
<status status="NOT RUN" starttime="20230330 22:59:09.068" endtime="20230330 22:59:09.068"/>
</kw>
<status status="FAIL" starttime="20230330 22:59:09.066" endtime="20230330 22:59:09.069"/>
</kw>
<status status="FAIL" starttime="20230330 22:59:09.066" endtime="20230330 22:59:09.069">AttributeError: 'NoneType' object has no attribute 'position'</status>
</test>
<test id="s1-s1-t7" name="Valid Edge Case East" line="13">
<kw name="Move character">
<arg>0</arg>
<arg>0</arg>
<arg>1</arg>
<arg>EAST</arg>
<arg>1</arg>
<arg>0</arg>
<arg>2</arg>
<kw name="Initialize Character Xposition With" library="MoveLibrary">
<arg>${startingX}</arg>
<status status="PASS" starttime="20230330 22:59:09.070" endtime="20230330 22:59:09.070"/>
</kw>
<kw name="Initialize Character Yposition With" library="MoveLibrary">
<arg>${startingY}</arg>
<status status="PASS" starttime="20230330 22:59:09.070" endtime="20230330 22:59:09.070"/>
</kw>
<kw name="Initialize Character MoveCount With" library="MoveLibrary">
<arg>${startingMoveCount}</arg>
<status status="PASS" starttime="20230330 22:59:09.070" endtime="20230330 22:59:09.070"/>
</kw>
<kw name="Move In Direction" library="MoveLibrary">
<arg>${direction}</arg>
<msg timestamp="20230330 22:59:09.071" level="FAIL">AttributeError: 'NoneType' object has no attribute 'position'</msg>
<status status="FAIL" starttime="20230330 22:59:09.071" endtime="20230330 22:59:09.071"/>
</kw>
<kw name="Character Xposition Should Be" library="MoveLibrary">
<arg>${endingX}</arg>
<status status="NOT RUN" starttime="20230330 22:59:09.071" endtime="20230330 22:59:09.071"/>
</kw>
<kw name="Character Yposition Should Be" library="MoveLibrary">
<arg>${endingY}</arg>
<status status="NOT RUN" starttime="20230330 22:59:09.071" endtime="20230330 22:59:09.071"/>
</kw>
<kw name="Character MoveCount Should Be" library="MoveLibrary">
<arg>${endingMoveCount}</arg>
<status status="NOT RUN" starttime="20230330 22:59:09.071" endtime="20230330 22:59:09.072"/>
</kw>
<status status="FAIL" starttime="20230330 22:59:09.069" endtime="20230330 22:59:09.072"/>
</kw>
<status status="FAIL" starttime="20230330 22:59:09.069" endtime="20230330 22:59:09.072">AttributeError: 'NoneType' object has no attribute 'position'</status>
</test>
<test id="s1-s1-t8" name="Valid Edge Case West" line="14">
<kw name="Move character">
<arg>9</arg>
<arg>9</arg>
<arg>22</arg>
<arg>WEST</arg>
<arg>8</arg>
<arg>9</arg>
<arg>23</arg>
<kw name="Initialize Character Xposition With" library="MoveLibrary">
<arg>${startingX}</arg>
<status status="PASS" starttime="20230330 22:59:09.073" endtime="20230330 22:59:09.073"/>
</kw>
<kw name="Initialize Character Yposition With" library="MoveLibrary">
<arg>${startingY}</arg>
<status status="PASS" starttime="20230330 22:59:09.074" endtime="20230330 22:59:09.074"/>
</kw>
<kw name="Initialize Character MoveCount With" library="MoveLibrary">
<arg>${startingMoveCount}</arg>
<status status="PASS" starttime="20230330 22:59:09.074" endtime="20230330 22:59:09.074"/>
</kw>
<kw name="Move In Direction" library="MoveLibrary">
<arg>${direction}</arg>
<msg timestamp="20230330 22:59:09.074" level="FAIL">AttributeError: 'NoneType' object has no attribute 'position'</msg>
<status status="FAIL" starttime="20230330 22:59:09.074" endtime="20230330 22:59:09.075"/>
</kw>
<kw name="Character Xposition Should Be" library="MoveLibrary">
<arg>${endingX}</arg>
<status status="NOT RUN" starttime="20230330 22:59:09.075" endtime="20230330 22:59:09.075"/>
</kw>
<kw name="Character Yposition Should Be" library="MoveLibrary">
<arg>${endingY}</arg>
<status status="NOT RUN" starttime="20230330 22:59:09.075" endtime="20230330 22:59:09.075"/>
</kw>
<kw name="Character MoveCount Should Be" library="MoveLibrary">
<arg>${endingMoveCount}</arg>
<status status="NOT RUN" starttime="20230330 22:59:09.075" endtime="20230330 22:59:09.075"/>
</kw>
<status status="FAIL" starttime="20230330 22:59:09.073" endtime="20230330 22:59:09.075"/>
</kw>
<status status="FAIL" starttime="20230330 22:59:09.072" endtime="20230330 22:59:09.076">AttributeError: 'NoneType' object has no attribute 'position'</status>
</test>
<test id="s1-s1-t9" name="Invalid Edge Case North" line="15">
<kw name="Move character">
<arg>0</arg>
<arg>0</arg>
<arg>5</arg>
<arg>SOUTH</arg>
<arg>0</arg>
<arg>0</arg>
<arg>6</arg>
<kw name="Initialize Character Xposition With" library="MoveLibrary">
<arg>${startingX}</arg>
<status status="PASS" starttime="20230330 22:59:09.077" endtime="20230330 22:59:09.077"/>
</kw>
<kw name="Initialize Character Yposition With" library="MoveLibrary">
<arg>${startingY}</arg>
<status status="PASS" starttime="20230330 22:59:09.077" endtime="20230330 22:59:09.077"/>
</kw>
<kw name="Initialize Character MoveCount With" library="MoveLibrary">
<arg>${startingMoveCount}</arg>
<status status="PASS" starttime="20230330 22:59:09.077" endtime="20230330 22:59:09.077"/>
</kw>
<kw name="Move In Direction" library="MoveLibrary">
<arg>${direction}</arg>
<msg timestamp="20230330 22:59:09.078" level="FAIL">AttributeError: 'NoneType' object has no attribute 'position'</msg>
<status status="FAIL" starttime="20230330 22:59:09.077" endtime="20230330 22:59:09.078"/>
</kw>
<kw name="Character Xposition Should Be" library="MoveLibrary">
<arg>${endingX}</arg>
<status status="NOT RUN" starttime="20230330 22:59:09.078" endtime="20230330 22:59:09.078"/>
</kw>
<kw name="Character Yposition Should Be" library="MoveLibrary">
<arg>${endingY}</arg>
<status status="NOT RUN" starttime="20230330 22:59:09.078" endtime="20230330 22:59:09.078"/>
</kw>
<kw name="Character MoveCount Should Be" library="MoveLibrary">
<arg>${endingMoveCount}</arg>
<status status="NOT RUN" starttime="20230330 22:59:09.078" endtime="20230330 22:59:09.078"/>
</kw>
<status status="FAIL" starttime="20230330 22:59:09.076" endtime="20230330 22:59:09.079"/>
</kw>
<status status="FAIL" starttime="20230330 22:59:09.076" endtime="20230330 22:59:09.079">AttributeError: 'NoneType' object has no attribute 'position'</status>
</test>
<test id="s1-s1-t10" name="Invalid Edge Case South" line="16">
<kw name="Move character">
<arg>9</arg>
<arg>9</arg>
<arg>11</arg>
<arg>NORTH</arg>
<arg>9</arg>
<arg>9</arg>
<arg>12</arg>
<kw name="Initialize Character Xposition With" library="MoveLibrary">
<arg>${startingX}</arg>
<status status="PASS" starttime="20230330 22:59:09.080" endtime="20230330 22:59:09.080"/>
</kw>
<kw name="Initialize Character Yposition With" library="MoveLibrary">
<arg>${startingY}</arg>
<status status="PASS" starttime="20230330 22:59:09.080" endtime="20230330 22:59:09.080"/>
</kw>
<kw name="Initialize Character MoveCount With" library="MoveLibrary">
<arg>${startingMoveCount}</arg>
<status status="PASS" starttime="20230330 22:59:09.081" endtime="20230330 22:59:09.081"/>
</kw>
<kw name="Move In Direction" library="MoveLibrary">
<arg>${direction}</arg>
<msg timestamp="20230330 22:59:09.081" level="FAIL">AttributeError: 'NoneType' object has no attribute 'position'</msg>
<status status="FAIL" starttime="20230330 22:59:09.081" endtime="20230330 22:59:09.081"/>
</kw>
<kw name="Character Xposition Should Be" library="MoveLibrary">
<arg>${endingX}</arg>
<status status="NOT RUN" starttime="20230330 22:59:09.081" endtime="20230330 22:59:09.081"/>
</kw>
<kw name="Character Yposition Should Be" library="MoveLibrary">
<arg>${endingY}</arg>
<status status="NOT RUN" starttime="20230330 22:59:09.082" endtime="20230330 22:59:09.082"/>
</kw>
<kw name="Character MoveCount Should Be" library="MoveLibrary">
<arg>${endingMoveCount}</arg>
<status status="NOT RUN" starttime="20230330 22:59:09.082" endtime="20230330 22:59:09.082"/>
</kw>
<status status="FAIL" starttime="20230330 22:59:09.080" endtime="20230330 22:59:09.082"/>
</kw>
<status status="FAIL" starttime="20230330 22:59:09.079" endtime="20230330 22:59:09.082">AttributeError: 'NoneType' object has no attribute 'position'</status>
</test>
<test id="s1-s1-t11" name="Invalid Edge Case East" line="17">
<kw name="Move character">
<arg>9</arg>
<arg>9</arg>
<arg>56</arg>
<arg>EAST</arg>
<arg>9</arg>
<arg>9</arg>
<arg>57</arg>
<kw name="Initialize Character Xposition With" library="MoveLibrary">
<arg>${startingX}</arg>
<status status="PASS" starttime="20230330 22:59:09.083" endtime="20230330 22:59:09.084"/>
</kw>
<kw name="Initialize Character Yposition With" library="MoveLibrary">
<arg>${startingY}</arg>
<status status="PASS" starttime="20230330 22:59:09.084" endtime="20230330 22:59:09.084"/>
</kw>
<kw name="Initialize Character MoveCount With" library="MoveLibrary">
<arg>${startingMoveCount}</arg>
<status status="PASS" starttime="20230330 22:59:09.084" endtime="20230330 22:59:09.084"/>
</kw>
<kw name="Move In Direction" library="MoveLibrary">
<arg>${direction}</arg>
<msg timestamp="20230330 22:59:09.085" level="FAIL">AttributeError: 'NoneType' object has no attribute 'position'</msg>
<status status="FAIL" starttime="20230330 22:59:09.084" endtime="20230330 22:59:09.085"/>
</kw>
<kw name="Character Xposition Should Be" library="MoveLibrary">
<arg>${endingX}</arg>
<status status="NOT RUN" starttime="20230330 22:59:09.085" endtime="20230330 22:59:09.085"/>
</kw>
<kw name="Character Yposition Should Be" library="MoveLibrary">
<arg>${endingY}</arg>
<status status="NOT RUN" starttime="20230330 22:59:09.085" endtime="20230330 22:59:09.085"/>
</kw>
<kw name="Character MoveCount Should Be" library="MoveLibrary">
<arg>${endingMoveCount}</arg>
<status status="NOT RUN" starttime="20230330 22:59:09.085" endtime="20230330 22:59:09.085"/>
</kw>
<status status="FAIL" starttime="20230330 22:59:09.083" endtime="20230330 22:59:09.086"/>
</kw>
<status status="FAIL" starttime="20230330 22:59:09.083" endtime="20230330 22:59:09.086">AttributeError: 'NoneType' object has no attribute 'position'</status>
</test>
<test id="s1-s1-t12" name="Invalid Edge Case West" line="18">
<kw name="Move character">
<arg>0</arg>
<arg>0</arg>
<arg>14</arg>
<arg>WEST</arg>
<arg>0</arg>
<arg>0</arg>
<arg>15</arg>
<kw name="Initialize Character Xposition With" library="MoveLibrary">
<arg>${startingX}</arg>
<status status="PASS" starttime="20230330 22:59:09.087" endtime="20230330 22:59:09.087"/>
</kw>
<kw name="Initialize Character Yposition With" library="MoveLibrary">
<arg>${startingY}</arg>
<status status="PASS" starttime="20230330 22:59:09.087" endtime="20230330 22:59:09.087"/>
</kw>
<kw name="Initialize Character MoveCount With" library="MoveLibrary">
<arg>${startingMoveCount}</arg>
<status status="PASS" starttime="20230330 22:59:09.087" endtime="20230330 22:59:09.087"/>
</kw>
<kw name="Move In Direction" library="MoveLibrary">
<arg>${direction}</arg>
<msg timestamp="20230330 22:59:09.088" level="FAIL">AttributeError: 'NoneType' object has no attribute 'position'</msg>
<status status="FAIL" starttime="20230330 22:59:09.088" endtime="20230330 22:59:09.088"/>
</kw>
<kw name="Character Xposition Should Be" library="MoveLibrary">
<arg>${endingX}</arg>
<status status="NOT RUN" starttime="20230330 22:59:09.088" endtime="20230330 22:59:09.088"/>
</kw>
<kw name="Character Yposition Should Be" library="MoveLibrary">
<arg>${endingY}</arg>
<status status="NOT RUN" starttime="20230330 22:59:09.088" endtime="20230330 22:59:09.088"/>
</kw>
<kw name="Character MoveCount Should Be" library="MoveLibrary">
<arg>${endingMoveCount}</arg>
<status status="NOT RUN" starttime="20230330 22:59:09.089" endtime="20230330 22:59:09.089"/>
</kw>
<status status="FAIL" starttime="20230330 22:59:09.086" endtime="20230330 22:59:09.089"/>
</kw>
<status status="FAIL" starttime="20230330 22:59:09.086" endtime="20230330 22:59:09.089">AttributeError: 'NoneType' object has no attribute 'position'</status>
</test>
<doc>I want to move my character. If they attempt to move past a boundary, the move results in no change in position.</doc>
<status status="FAIL" starttime="20230330 22:59:09.041" endtime="20230330 22:59:09.090"/>
</suite>
<suite id="s1-s2" name="Start Game" source="/home/runner/work/team-7-level-seven-up-528f1a61-a4b8-4583-ba7d-52cbef5e9312/team-7-level-seven-up-528f1a61-a4b8-4583-ba7d-52cbef5e9312/tests/robot/start_game.robot">
<test id="s1-s2-t1" name="Blank character name" line="8">
<kw name="Start new game with character">
<arg>${EMPTY}</arg>
<arg>Character</arg>
<arg>100</arg>
<arg>0</arg>
<arg>0</arg>
<arg>0</arg>
<kw name="Initialize Controller" library="GameControllerLibrary">
<status status="PASS" starttime="20230330 22:59:09.095" endtime="20230330 22:59:09.095"/>
</kw>
<kw name="Create Character With Name" library="GameControllerLibrary">
<arg>${providedCharacterName}</arg>
<status status="PASS" starttime="20230330 22:59:09.095" endtime="20230330 22:59:09.096"/>
</kw>
<kw name="Character Name Should Be" library="GameControllerLibrary">
<arg>${characterName}</arg>
<status status="PASS" starttime="20230330 22:59:09.096" endtime="20230330 22:59:09.096"/>
</kw>
<kw name="Number Of Map Positions Should Be" library="GameControllerLibrary">
<arg>${numPositions}</arg>
<msg timestamp="20230330 22:59:09.096" level="FAIL">Not implemented</msg>
<status status="FAIL" starttime="20230330 22:59:09.096" endtime="20230330 22:59:09.096"/>
</kw>
<kw name="Starting X Coordinate Should Be" library="GameControllerLibrary">
<arg>${startingPositionX}</arg>
<status status="NOT RUN" starttime="20230330 22:59:09.097" endtime="20230330 22:59:09.097"/>
</kw>
<kw name="Starting Y Coordinate Should Be" library="GameControllerLibrary">
<arg>${startingPositionY}</arg>
<status status="NOT RUN" starttime="20230330 22:59:09.097" endtime="20230330 22:59:09.097"/>
</kw>
<kw name="Starting Move Count Should Be" library="GameControllerLibrary">
<arg>${startingMoveCount}</arg>
<status status="NOT RUN" starttime="20230330 22:59:09.097" endtime="20230330 22:59:09.097"/>
</kw>
<status status="FAIL" starttime="20230330 22:59:09.094" endtime="20230330 22:59:09.097"/>
</kw>
<status status="FAIL" starttime="20230330 22:59:09.094" endtime="20230330 22:59:09.098">Not implemented</status>
</test>
<test id="s1-s2-t2" name="Valid character name" line="9">
<kw name="Start new game with character">
<arg>Jeffrey</arg>
<arg>Jeffrey</arg>
<arg>100</arg>
<arg>0</arg>
<arg>0</arg>
<arg>0</arg>
<kw name="Initialize Controller" library="GameControllerLibrary">
<status status="PASS" starttime="20230330 22:59:09.099" endtime="20230330 22:59:09.099"/>
</kw>
<kw name="Create Character With Name" library="GameControllerLibrary">
<arg>${providedCharacterName}</arg>
<status status="PASS" starttime="20230330 22:59:09.099" endtime="20230330 22:59:09.099"/>
</kw>
<kw name="Character Name Should Be" library="GameControllerLibrary">
<arg>${characterName}</arg>
<status status="PASS" starttime="20230330 22:59:09.099" endtime="20230330 22:59:09.099"/>
</kw>
<kw name="Number Of Map Positions Should Be" library="GameControllerLibrary">
<arg>${numPositions}</arg>
<msg timestamp="20230330 22:59:09.100" level="FAIL">Not implemented</msg>
<status status="FAIL" starttime="20230330 22:59:09.099" endtime="20230330 22:59:09.100"/>
</kw>
<kw name="Starting X Coordinate Should Be" library="GameControllerLibrary">
<arg>${startingPositionX}</arg>
<status status="NOT RUN" starttime="20230330 22:59:09.100" endtime="20230330 22:59:09.100"/>
</kw>
<kw name="Starting Y Coordinate Should Be" library="GameControllerLibrary">
<arg>${startingPositionY}</arg>
<status status="NOT RUN" starttime="20230330 22:59:09.100" endtime="20230330 22:59:09.100"/>
</kw>
<kw name="Starting Move Count Should Be" library="GameControllerLibrary">
<arg>${startingMoveCount}</arg>
<status status="NOT RUN" starttime="20230330 22:59:09.100" endtime="20230330 22:59:09.100"/>
</kw>
<status status="FAIL" starttime="20230330 22:59:09.098" endtime="20230330 22:59:09.101"/>
</kw>
<status status="FAIL" starttime="20230330 22:59:09.098" endtime="20230330 22:59:09.101">Not implemented</status>
</test>
<doc>Test initialization of game.</doc>
<status status="FAIL" starttime="20230330 22:59:09.091" endtime="20230330 22:59:09.101"/>
</suite>
<status status="FAIL" starttime="20230330 22:59:09.022" endtime="20230330 22:59:09.102"/>
</suite>
<statistics>
<total>
<stat pass="0" fail="14" skip="0">All Tests</stat>
</total>
<tag>
</tag>
<suite>
<stat pass="0" fail="14" skip="0" id="s1" name="Robot">Robot</stat>
<stat pass="0" fail="12" skip="0" id="s1-s1" name="Move">Robot.Move</stat>
<stat pass="0" fail="2" skip="0" id="s1-s2" name="Start Game">Robot.Start Game</stat>
</suite>
</statistics>
<errors>
</errors>
</robot>
