<?xml version="1.0" encoding="UTF-8"?>
<robot generator="Robot 5.0.1 (Python 3.10.10 on linux)" generated="20230329 22:29:40.535" rpa="false" schemaversion="3">
<suite id="s1" name="Robot" source="/home/runner/work/team-7-level-seven-up-528f1a61-a4b8-4583-ba7d-52cbef5e9312/team-7-level-seven-up-528f1a61-a4b8-4583-ba7d-52cbef5e9312/tests/robot">
<suite id="s1-s1" name="Start Game" source="/home/runner/work/team-7-level-seven-up-528f1a61-a4b8-4583-ba7d-52cbef5e9312/team-7-level-seven-up-528f1a61-a4b8-4583-ba7d-52cbef5e9312/tests/robot/start_game.robot">
<test id="s1-s1-t1" name="Blank character name" line="8">
<kw name="Start new game with character">
<arg>${EMPTY}</arg>
<arg>Character</arg>
<arg>100</arg>
<arg>0</arg>
<arg>0</arg>
<arg>0</arg>
<kw name="Initialize Controller" library="GameControllerLibrary">
<status status="PASS" starttime="20230329 22:29:40.568" endtime="20230329 22:29:40.568"/>
</kw>
<kw name="Create Character With Name" library="GameControllerLibrary">
<arg>${providedCharacterName}</arg>
<status status="PASS" starttime="20230329 22:29:40.568" endtime="20230329 22:29:40.569"/>
</kw>
<kw name="Character Name Should Be" library="GameControllerLibrary">
<arg>${characterName}</arg>
<status status="PASS" starttime="20230329 22:29:40.569" endtime="20230329 22:29:40.569"/>
</kw>
<kw name="Number Of Map Positions Should Be" library="GameControllerLibrary">
<arg>${numPositions}</arg>
<status status="PASS" starttime="20230329 22:29:40.569" endtime="20230329 22:29:40.569"/>
</kw>
<kw name="Starting X Coordinate Should Be" library="GameControllerLibrary">
<arg>${startingPositionX}</arg>
<status status="PASS" starttime="20230329 22:29:40.569" endtime="20230329 22:29:40.570"/>
</kw>
<kw name="Starting Y Coordinate Should Be" library="GameControllerLibrary">
<arg>${startingPositionY}</arg>
<status status="PASS" starttime="20230329 22:29:40.570" endtime="20230329 22:29:40.570"/>
</kw>
<kw name="Starting Move Count Should Be" library="GameControllerLibrary">
<arg>${startingMoveCount}</arg>
<status status="PASS" starttime="20230329 22:29:40.570" endtime="20230329 22:29:40.570"/>
</kw>
<status status="PASS" starttime="20230329 22:29:40.567" endtime="20230329 22:29:40.570"/>
</kw>
<status status="PASS" starttime="20230329 22:29:40.566" endtime="20230329 22:29:40.571"/>
</test>
<doc>Test initialization of game.</doc>
<status status="PASS" starttime="20230329 22:29:40.557" endtime="20230329 22:29:40.572"/>
</suite>
<status status="PASS" starttime="20230329 22:29:40.536" endtime="20230329 22:29:40.574"/>
</suite>
<statistics>
<total>
<stat pass="1" fail="0" skip="0">All Tests</stat>
</total>
<tag>
</tag>
<suite>
<stat pass="1" fail="0" skip="0" id="s1" name="Robot">Robot</stat>
<stat pass="1" fail="0" skip="0" id="s1-s1" name="Start Game">Robot.Start Game</stat>
</suite>
</statistics>
<errors>
</errors>
</robot>
