<?xml version="1.0" encoding="UTF-8"?>
<robot generator="Robot 5.0.1 (Python 3.10.10 on linux)" generated="20230324 16:25:35.608" rpa="false" schemaversion="3">
<suite id="s1" name="Robot" source="/home/runner/work/python-robot-reference/python-robot-reference/tests/robot">
<suite id="s1-s1" name="Start Game" source="/home/runner/work/python-robot-reference/python-robot-reference/tests/robot/start_game.robot">
<test id="s1-s1-t1" name="Blank character name" line="8">
<kw name="Start new game with character">
<arg>${EMPTY}</arg>
<arg>Character</arg>
<arg>100</arg>
<arg>0</arg>
<arg>0</arg>
<arg>0</arg>
<kw name="Initialize Controller" library="GameControllerLibrary">
<status status="PASS" starttime="20230324 16:25:35.638" endtime="20230324 16:25:35.639"/>
</kw>
<kw name="Create Character With Name" library="GameControllerLibrary">
<arg>${providedCharacterName}</arg>
<status status="PASS" starttime="20230324 16:25:35.639" endtime="20230324 16:25:35.639"/>
</kw>
<kw name="Character Name Should Be" library="GameControllerLibrary">
<arg>${characterName}</arg>
<status status="PASS" starttime="20230324 16:25:35.639" endtime="20230324 16:25:35.639"/>
</kw>
<kw name="Number Of Map Positions Should Be" library="GameControllerLibrary">
<arg>${numPositions}</arg>
<status status="PASS" starttime="20230324 16:25:35.639" endtime="20230324 16:25:35.639"/>
</kw>
<kw name="Starting X Coordinate Should Be" library="GameControllerLibrary">
<arg>${startingPositionX}</arg>
<status status="PASS" starttime="20230324 16:25:35.639" endtime="20230324 16:25:35.640"/>
</kw>
<kw name="Starting Y Coordinate Should Be" library="GameControllerLibrary">
<arg>${startingPositionY}</arg>
<status status="PASS" starttime="20230324 16:25:35.640" endtime="20230324 16:25:35.640"/>
</kw>
<kw name="Starting Move Count Should Be" library="GameControllerLibrary">
<arg>${startingMoveCount}</arg>
<status status="PASS" starttime="20230324 16:25:35.640" endtime="20230324 16:25:35.640"/>
</kw>
<status status="PASS" starttime="20230324 16:25:35.637" endtime="20230324 16:25:35.640"/>
</kw>
<status status="PASS" starttime="20230324 16:25:35.637" endtime="20230324 16:25:35.640"/>
</test>
<doc>Test initialization of game.</doc>
<status status="PASS" starttime="20230324 16:25:35.629" endtime="20230324 16:25:35.641"/>
</suite>
<status status="PASS" starttime="20230324 16:25:35.609" endtime="20230324 16:25:35.642"/>
</suite>
<statistics>
<total>
<stat pass="1" fail="0" skip="0">All Tests</stat>
</total>
<tag>
</tag>
<suite>
<stat pass="1" fail="0" skip="0" id="s1" name="Robot">Robot</stat>
<stat pass="1" fail="0" skip="0" id="s1-s1" name="Start Game">Robot.Start Game</stat>
</suite>
</statistics>
<errors>
</errors>
</robot>
