<?xml version="1.0" encoding="UTF-8"?>
<robot generator="Robot 5.0.1 (Python 3.10.10 on linux)" generated="20230330 16:26:58.291" rpa="false" schemaversion="3">
<suite id="s1" name="Robot" source="/home/runner/work/team-7-level-seven-up-528f1a61-a4b8-4583-ba7d-52cbef5e9312/team-7-level-seven-up-528f1a61-a4b8-4583-ba7d-52cbef5e9312/tests/robot">
<suite id="s1-s1" name="Move" source="/home/runner/work/team-7-level-seven-up-528f1a61-a4b8-4583-ba7d-52cbef5e9312/team-7-level-seven-up-528f1a61-a4b8-4583-ba7d-52cbef5e9312/tests/robot/move.robot">
<test id="s1-s1-t1" name="Valid Case #1" line="7">
<kw name="Move character">
<arg>0</arg>
<arg>0</arg>
<arg>1</arg>
<arg>NORTH</arg>
<arg>0</arg>
<arg>1</arg>
<arg>2</arg>
<kw name="Initialize Character Xposition With" library="MoveLibrary">
<arg>${startingX}</arg>
<status status="PASS" starttime="20230330 16:26:58.319" endtime="20230330 16:26:58.320"/>
</kw>
<kw name="Initialize Character Yposition With" library="MoveLibrary">
<arg>${startingY}</arg>
<status status="PASS" starttime="20230330 16:26:58.320" endtime="20230330 16:26:58.320"/>
</kw>
<kw name="Initialize Character MoveCount With" library="MoveLibrary">
<arg>${startingMoveCount}</arg>
<status status="PASS" starttime="20230330 16:26:58.320" endtime="20230330 16:26:58.320"/>
</kw>
<kw name="Move In Direction" library="MoveLibrary">
<arg>${direction}</arg>
<status status="PASS" starttime="20230330 16:26:58.320" endtime="20230330 16:26:58.320"/>
</kw>
<kw name="Character Xposition Should Be" library="MoveLibrary">
<arg>${endingX}</arg>
<msg timestamp="20230330 16:26:58.321" level="FAIL">Not implemented</msg>
<status status="FAIL" starttime="20230330 16:26:58.321" endtime="20230330 16:26:58.321"/>
</kw>
<kw name="Character Yposition Should Be" library="MoveLibrary">
<arg>${endingY}</arg>
<status status="NOT RUN" starttime="20230330 16:26:58.322" endtime="20230330 16:26:58.322"/>
</kw>
<kw name="Character MoveCount Should Be" library="MoveLibrary">
<arg>${endingMoveCount}</arg>
<status status="NOT RUN" starttime="20230330 16:26:58.322" endtime="20230330 16:26:58.322"/>
</kw>
<status status="FAIL" starttime="20230330 16:26:58.319" endtime="20230330 16:26:58.322"/>
</kw>
<status status="FAIL" starttime="20230330 16:26:58.318" endtime="20230330 16:26:58.323">Not implemented</status>
</test>
<test id="s1-s1-t2" name="Invalid Case #2" line="8">
<kw name="Move character">
<arg>0</arg>
<arg>0</arg>
<arg>5</arg>
<arg>SOUTH</arg>
<arg>0</arg>
<arg>0</arg>
<arg>6</arg>
<kw name="Initialize Character Xposition With" library="MoveLibrary">
<arg>${startingX}</arg>
<status status="PASS" starttime="20230330 16:26:58.324" endtime="20230330 16:26:58.324"/>
</kw>
<kw name="Initialize Character Yposition With" library="MoveLibrary">
<arg>${startingY}</arg>
<status status="PASS" starttime="20230330 16:26:58.324" endtime="20230330 16:26:58.324"/>
</kw>
<kw name="Initialize Character MoveCount With" library="MoveLibrary">
<arg>${startingMoveCount}</arg>
<status status="PASS" starttime="20230330 16:26:58.324" endtime="20230330 16:26:58.324"/>
</kw>
<kw name="Move In Direction" library="MoveLibrary">
<arg>${direction}</arg>
<status status="PASS" starttime="20230330 16:26:58.324" endtime="20230330 16:26:58.325"/>
</kw>
<kw name="Character Xposition Should Be" library="MoveLibrary">
<arg>${endingX}</arg>
<msg timestamp="20230330 16:26:58.325" level="FAIL">Not implemented</msg>
<status status="FAIL" starttime="20230330 16:26:58.325" endtime="20230330 16:26:58.325"/>
</kw>
<kw name="Character Yposition Should Be" library="MoveLibrary">
<arg>${endingY}</arg>
<status status="NOT RUN" starttime="20230330 16:26:58.325" endtime="20230330 16:26:58.325"/>
</kw>
<kw name="Character MoveCount Should Be" library="MoveLibrary">
<arg>${endingMoveCount}</arg>
<status status="NOT RUN" starttime="20230330 16:26:58.326" endtime="20230330 16:26:58.326"/>
</kw>
<status status="FAIL" starttime="20230330 16:26:58.323" endtime="20230330 16:26:58.326"/>
</kw>
<status status="FAIL" starttime="20230330 16:26:58.323" endtime="20230330 16:26:58.326">Not implemented</status>
</test>
<doc>I want to move my character. If they attempt to move past a boundary, the move results in no change in position.</doc>
<status status="FAIL" starttime="20230330 16:26:58.311" endtime="20230330 16:26:58.327"/>
</suite>
<suite id="s1-s2" name="Start Game" source="/home/runner/work/team-7-level-seven-up-528f1a61-a4b8-4583-ba7d-52cbef5e9312/team-7-level-seven-up-528f1a61-a4b8-4583-ba7d-52cbef5e9312/tests/robot/start_game.robot">
<test id="s1-s2-t1" name="Blank character name" line="8">
<kw name="Start new game with character">
<arg>${EMPTY}</arg>
<arg>Character</arg>
<arg>100</arg>
<arg>0</arg>
<arg>0</arg>
<arg>0</arg>
<kw name="Initialize Controller" library="GameControllerLibrary">
<status status="PASS" starttime="20230330 16:26:58.332" endtime="20230330 16:26:58.332"/>
</kw>
<kw name="Create Character With Name" library="GameControllerLibrary">
<arg>${providedCharacterName}</arg>
<status status="PASS" starttime="20230330 16:26:58.332" endtime="20230330 16:26:58.332"/>
</kw>
<kw name="Character Name Should Be" library="GameControllerLibrary">
<arg>${characterName}</arg>
<status status="PASS" starttime="20230330 16:26:58.332" endtime="20230330 16:26:58.333"/>
</kw>
<kw name="Number Of Map Positions Should Be" library="GameControllerLibrary">
<arg>${numPositions}</arg>
<msg timestamp="20230330 16:26:58.333" level="FAIL">Not implemented</msg>
<status status="FAIL" starttime="20230330 16:26:58.333" endtime="20230330 16:26:58.333"/>
</kw>
<kw name="Starting X Coordinate Should Be" library="GameControllerLibrary">
<arg>${startingPositionX}</arg>
<status status="NOT RUN" starttime="20230330 16:26:58.333" endtime="20230330 16:26:58.334"/>
</kw>
<kw name="Starting Y Coordinate Should Be" library="GameControllerLibrary">
<arg>${startingPositionY}</arg>
<status status="NOT RUN" starttime="20230330 16:26:58.334" endtime="20230330 16:26:58.334"/>
</kw>
<kw name="Starting Move Count Should Be" library="GameControllerLibrary">
<arg>${startingMoveCount}</arg>
<status status="NOT RUN" starttime="20230330 16:26:58.334" endtime="20230330 16:26:58.334"/>
</kw>
<status status="FAIL" starttime="20230330 16:26:58.331" endtime="20230330 16:26:58.334"/>
</kw>
<status status="FAIL" starttime="20230330 16:26:58.331" endtime="20230330 16:26:58.334">Not implemented</status>
</test>
<doc>Test initialization of game.</doc>
<status status="FAIL" starttime="20230330 16:26:58.327" endtime="20230330 16:26:58.335"/>
</suite>
<status status="FAIL" starttime="20230330 16:26:58.292" endtime="20230330 16:26:58.335"/>
</suite>
<statistics>
<total>
<stat pass="0" fail="3" skip="0">All Tests</stat>
</total>
<tag>
</tag>
<suite>
<stat pass="0" fail="3" skip="0" id="s1" name="Robot">Robot</stat>
<stat pass="0" fail="2" skip="0" id="s1-s1" name="Move">Robot.Move</stat>
<stat pass="0" fail="1" skip="0" id="s1-s2" name="Start Game">Robot.Start Game</stat>
</suite>
</statistics>
<errors>
</errors>
</robot>
